2026-04-21T18:08:31.3341899Z State: Starting, Action: EstablishingSiteNetworks, LastError: ContainerTimeout, LastErrorTimestamp: 04/18/2026 18:58:31, LastErrorDetails: Container did not start within expected time limit of 1800s. Please inspect your container logs for more details., Details: Site stopped at 04/18/2026 18:58:42 (UTC), DetailsLevel: WARN
2026-04-21T18:08:33.9855063Z State: Starting, Action: StartingMsiContainer, LastError: ContainerTimeout, LastErrorTimestamp: 04/18/2026 18:58:31, LastErrorDetails: Container did not start within expected time limit of 1800s. Please inspect your container logs for more details., Details: Site stopped at 04/18/2026 18:58:42 (UTC), DetailsLevel: WARN
2026-04-21T18:08:52.4582201Z State: Starting, Action: StartingSiteContainers, LastError: ContainerTimeout, LastErrorTimestamp: 04/18/2026 18:58:31, LastErrorDetails: Container did not start within expected time limit of 1800s. Please inspect your container logs for more details., Details: Site stopped at 04/18/2026 18:58:42 (UTC), DetailsLevel: WARN
2026-04-21T18:08:52.4659780Z Container start method called.
2026-04-21T18:08:52.4661431Z State: Starting, Action: PullingImage, LastError: ContainerTimeout, LastErrorTimestamp: 04/18/2026 18:58:31, LastErrorDetails: Container did not start within expected time limit of 1800s. Please inspect your container logs for more details., Details: Pulling image cwayaacr.azurecr.io/ai-photo-sharing:latest for cwaya-ai-share., DetailsLevel: INFO
2026-04-21T18:08:52.4667182Z Establishing network.
2026-04-21T18:08:52.4672655Z Pulling image: cwayaacr.azurecr.io/ai-photo-sharing:latest.
2026-04-21T18:08:56.9311225Z Container pull image failed with reason: ImagePullFailure. Revert by terminate.
2026-04-21T18:08:56.9394691Z Container is terminating. Grace period: 5 seconds.
2026-04-21T18:08:56.9403436Z Container spec TerminationMessagePolicy  path 
2026-04-21T18:08:56.9411606Z Container is terminated. Total time elapsed: 0 ms.
2026-04-21T18:08:56.9490637Z Site container: cwaya-ai-share terminated during site startup.
2026-04-21T18:08:56.9502908Z State: Stopping, Action: CancellingStartup, LastError: ContainerTimeout, LastErrorTimestamp: 04/18/2026 18:58:31, LastErrorDetails: Container did not start within expected time limit of 1800s. Please inspect your container logs for more details., Details: Site container: cwaya-ai-share terminated during site startup. Cancelling site startup., DetailsLevel: ERR
2026-04-21T18:08:56.9693736Z State: Stopping, Action: CancellingStartup, LastError: ImageNotFoundFailure, LastErrorTimestamp: 04/21/2026 18:08:56, LastErrorDetails: Failed to pull image: cwayaacr.azurecr.io/ai-photo-sharing:latest. Image pull failed because the image was not found. Check the registry to ensure the image is present or check for any misspellings., Details: Site container: cwaya-ai-share terminated during site startup. Cancelling site startup., DetailsLevel: ERR
2026-04-21T18:08:56.9813967Z Failed to start site. Revert by stopping site.
2026-04-21T18:08:56.9889549Z State: Stopping, Action: StoppingSite, LastError: ImageNotFoundFailure, LastErrorTimestamp: 04/21/2026 18:08:56, LastErrorDetails: Failed to pull image: cwayaacr.azurecr.io/ai-photo-sharing:latest. Image pull failed because the image was not found. Check the registry to ensure the image is present or check for any misspellings., Details: Site container: cwaya-ai-share terminated during site startup. Cancelling site startup., DetailsLevel: ERR
2026-04-21T18:08:56.9909843Z State: Stopping, Action: StoppingSiteContainers, LastError: ImageNotFoundFailure, LastErrorTimestamp: 04/21/2026 18:08:56, LastErrorDetails: Failed to pull image: cwayaacr.azurecr.io/ai-photo-sharing:latest. Image pull failed because the image was not found. Check the registry to ensure the image is present or check for any misspellings., Details: Site container: cwaya-ai-share terminated during site startup. Cancelling site startup., DetailsLevel: ERR
2026-04-21T18:08:56.9910145Z Site: cwaya-ai-share stopped.
2026-04-21T18:11:20.911Z INFO  - Pulling image: cwayaacr.azurecr.io/ai-photo-sharing:latest
2026-04-21T18:11:21.373Z ERROR - DockerApiException: Docker API responded with status code=NotFound, response={"message":"manifest for cwayaacr.azurecr.io/ai-photo-sharing:latest not found: manifest unknown: manifest tagged by \"latest\" is not found"}

2026-04-21T18:11:21.563Z ERROR - DockerApiException: Docker API responded with status code=InternalServerError, response={"message":"Head \"https://cwayaacr.azurecr.io/v2/ai-photo-sharing/manifests/latest\": unauthorized: {\"errors\":[{\"code\":\"UNAUTHORIZED\",\"message\":\"authentication required, visit https://aka.ms/acr/authorization for more information. CorrelationId: 32303ac5-a661-4880-9a18-86a9638ae06a\"}]}"}

2026-04-21T18:11:21.572Z WARN  - Image pull failed. Defaulting to local copy if present.
2026-04-21T18:11:21.583Z ERROR - Image pull failed: Verify docker image configuration and credentials (if using private repository)
2026-04-21T18:11:29.383Z INFO  - Stopping site cwaya-ai-share because it failed during startup.
MB
2026-04-21T18:10:24.746Z INFO  - 2cf9343f1fe1 Downloading 3MB / 21MB
2026-04-21T18:10:24.967Z INFO  - 2cf9343f1fe1 Downloading 4MB / 21MB
2026-04-21T18:10:25.086Z INFO  - 61762e38b07d Downloading 2MB / 21MB
2026-04-21T18:10:25.087Z INFO  - 2cf9343f1fe1 Downloading 4MB / 21MB
2026-04-21T18:10:25.126Z INFO  - ff86293c9e8b Downloading 5MB / 6MB
2026-04-21T18:10:25.127Z INFO  - 61762e38b07d Downloading 3MB / 21MB
2026-04-21T18:10:25.268Z INFO  - ff86293c9e8b Verifying Checksum
2026-04-21T18:10:25.268Z INFO  - ff86293c9e8b Download complete
2026-04-21T18:10:25.318Z INFO  - 61762e38b07d Downloading 4MB / 21MB
2026-04-21T18:10:25.449Z INFO  - 2cf9343f1fe1 Downloading 6MB / 21MB
2026-04-21T18:10:25.478Z INFO  - 61762e38b07d Downloading 5MB / 21MB
2026-04-21T18:10:25.751Z INFO  - 61762e38b07d Downloading 6MB / 21MB
2026-04-21T18:10:25.990Z INFO  - 61762e38b07d Downloading 7MB / 21MB
2026-04-21T18:10:26.012Z INFO  - 2cf9343f1fe1 Downloading 9MB / 21MB
2026-04-21T18:10:26.183Z INFO  - 61762e38b07d Downloading 8MB / 21MB
2026-04-21T18:10:26.194Z INFO  - 2cf9343f1fe1 Downloading 10MB / 21MB
2026-04-21T18:10:26.493Z INFO  - ff86293c9e8b Extracting 1MB / 6MB
2026-04-21T18:10:26.546Z INFO  - 61762e38b07d Downloading 11MB / 21MB
2026-04-21T18:10:26.563Z INFO  - 2cf9343f1fe1 Downloading 10MB / 21MB
2026-04-21T18:10:26.857Z INFO  - ff86293c9e8b Extracting 2MB / 6MB
2026-04-21T18:10:26.875Z INFO  - 2cf9343f1fe1 Downloading 12MB / 21MB
2026-04-21T18:10:26.886Z INFO  - 61762e38b07d Downloading 11MB / 21MB
2026-04-21T18:10:27.078Z INFO  - 61762e38b07d Downloading 12MB / 21MB
2026-04-21T18:10:27.256Z INFO  - ff86293c9e8b Extracting 3MB / 6MB
2026-04-21T18:10:27.286Z INFO  - 61762e38b07d Downloading 12MB / 21MB
2026-04-21T18:10:27.629Z INFO  - 61762e38b07d Downloading 13MB / 21MB
2026-04-21T18:10:27.699Z INFO  - ff86293c9e8b Extracting 5MB / 6MB
2026-04-21T18:10:27.738Z INFO  - 61762e38b07d Downloading 13MB / 21MB
2026-04-21T18:10:28.431Z INFO  - 2cf9343f1fe1 Downloading 19MB / 21MB
2026-04-21T18:10:28.431Z INFO  - 61762e38b07d Downloading 14MB / 21MB
2026-04-21T18:10:28.431Z INFO  - 61762e38b07d Downloading 14MB / 21MB
2026-04-21T18:10:28.432Z INFO  - 2cf9343f1fe1 Downloading 20MB / 21MB
2026-04-21T18:10:28.432Z INFO  - ff86293c9e8b Extracting 5MB / 6MB
2026-04-21T18:10:28.432Z INFO  - 61762e38b07d Downloading 17MB / 21MB
2026-04-21T18:10:28.432Z INFO  - 2cf9343f1fe1 Verifying Checksum
2026-04-21T18:10:28.432Z INFO  - 2cf9343f1fe1 Download complete
2026-04-21T18:10:28.432Z INFO  - ff86293c9e8b Extracting 6MB / 6MB
2026-04-21T18:10:28.432Z INFO  - ff86293c9e8b Extracting 6MB / 6MB
2026-04-21T18:10:28.495Z INFO  - 61762e38b07d Downloading 17MB / 21MB
2026-04-21T18:10:28.542Z INFO  - ff86293c9e8b Pull complete
2026-04-21T18:10:28.544Z INFO  - 4f4fb700ef54 Extracting 32B / 32B
2026-04-21T18:10:28.727Z INFO  - 4f4fb700ef54 Extracting 32B / 32B
2026-04-21T18:10:28.782Z INFO  - 4f4fb700ef54 Pull complete
2026-04-21T18:10:28.793Z INFO  - 61762e38b07d Downloading 20MB / 21MB
2026-04-21T18:10:29.151Z INFO  - 61762e38b07d Verifying Checksum
2026-04-21T18:10:29.151Z INFO  - 61762e38b07d Download complete
2026-04-21T18:10:29.777Z INFO  - 2cf9343f1fe1 Extracting 3MB / 21MB
2026-04-21T18:10:30.441Z INFO  - 2cf9343f1fe1 Extracting 3MB / 21MB
2026-04-21T18:10:30.441Z INFO  - 2cf9343f1fe1 Extracting 5MB / 21MB
2026-04-21T18:10:31.443Z INFO  - 2cf9343f1fe1 Extracting 9MB / 21MB
2026-04-21T18:10:31.612Z INFO  - 2cf9343f1fe1 Extracting 10MB / 21MB
2026-04-21T18:10:32.535Z INFO  - 2cf9343f1fe1 Extracting 14MB / 21MB
2026-04-21T18:10:32.868Z INFO  - 2cf9343f1fe1 Extracting 15MB / 21MB
2026-04-21T18:10:33.321Z INFO  - 2cf9343f1fe1 Extracting 18MB / 21MB
2026-04-21T18:10:33.742Z INFO  - 2cf9343f1fe1 Extracting 19MB / 21MB
2026-04-21T18:10:33.763Z INFO  - 2cf9343f1fe1 Extracting 20MB / 21MB
2026-04-21T18:10:34.293Z INFO  - 2cf9343f1fe1 Extracting 21MB / 21MB
2026-04-21T18:10:34.816Z INFO  - 2cf9343f1fe1 Extracting 21MB / 21MB
2026-04-21T18:10:35.775Z INFO  - 2cf9343f1fe1 Extracting 21MB / 21MB
2026-04-21T18:10:35.952Z INFO  - 2cf9343f1fe1 Pull complete
2026-04-21T18:10:36.808Z INFO  - 61762e38b07d Extracting 1MB / 21MB
2026-04-21T18:10:37.378Z INFO  - 61762e38b07d Extracting 1MB / 21MB
2026-04-21T18:10:37.739Z INFO  - 61762e38b07d Extracting 2MB / 21MB
2026-04-21T18:10:38.088Z INFO  - 61762e38b07d Extracting 2MB / 21MB
2026-04-21T18:10:39.043Z INFO  - 61762e38b07d Extracting 4MB / 21MB
2026-04-21T18:10:39.766Z INFO  - 61762e38b07d Extracting 4MB / 21MB
2026-04-21T18:10:40.155Z INFO  - 61762e38b07d Extracting 5MB / 21MB
2026-04-21T18:10:43.123Z INFO  - 61762e38b07d Extracting 6MB / 21MB
2026-04-21T18:10:44.146Z INFO  - 61762e38b07d Extracting 10MB / 21MB
2026-04-21T18:10:45.487Z INFO  - 61762e38b07d Extracting 18MB / 21MB
2026-04-21T18:10:46.259Z INFO  - 61762e38b07d Extracting 21MB / 21MB
2026-04-21T18:10:46.626Z INFO  - 61762e38b07d Pull complete
2026-04-21T18:10:48.674Z INFO  -  Digest: sha256:87e292c11a9f1b68dcbfe9785ceca58e44e366f163f7fbf2ad2fb1e6c13fde18
2026-04-21T18:10:48.732Z INFO  -  Status: Downloaded newer image for mcr.microsoft.com/appsvc/msitokenservice:stage4
2026-04-21T18:10:48.784Z INFO  - Pull Image successful, Time taken: 28 Seconds
2026-04-21T18:10:52.072Z INFO  - Starting container for site
2026-04-21T18:10:52.072Z INFO  - docker run -d --expose=8081 --name cwaya-ai-share_0_e044cef3_msiProxy -e WEBSITE_ROLE_INSTANCE_ID=0 -e WEBSITE_HOSTNAME=cwaya-ai-share.azurewebsites.net -e WEBSITE_INSTANCE_ID=b52a0e95239a69ec1d51e27f609b0a5686f7c63777a6973635d661be711de39f mcr.microsoft.com/appsvc/msitokenservice:stage4 REDACTED
2026-04-21T18:10:52.073Z INFO  - Logging is not enabled for this container.
Please use https://aka.ms/linux-diagnostics to enable logging to see container logs here.
