2026-04-18T18:11:29.7879920Z,Updating submodules.,eb1d5dba-7fe3-4d05-92da-ca7310169446,0
2026-04-18T18:11:30.9478979Z,Preparing deployment for commit id '57535ef3-f'.,42dc0344-3bd3-4a77-b303-cdbc686411ca,0
2026-04-18T18:11:31.4235142Z,PreDeployment: context.CleanOutputPath False,40f748e5-7528-4fa6-8e66-1187198f459d,0
2026-04-18T18:11:31.9366184Z,PreDeployment: context.OutputPath /home/site/wwwroot,dbad594e-8ac0-4904-9f1e-9d939dd6206e,0
2026-04-18T18:11:32.1223673Z,Repository path is /tmp/zipdeploy/extracted,a3fd8454-4f37-444d-a130-3bd18c9c8ff6,0
2026-04-18T18:11:32.2452099Z,Running oryx build...,cbd674ea-9a3e-40fc-96fc-a58006dc3410,0
	2026-04-18T18:11:32.2523858Z,Command: oryx build /tmp/zipdeploy/extracted -o /home/site/wwwroot --platform python --platform-version 3.11 -p virtualenv_name=antenv --log-file /tmp/build-debug.log  -i /tmp/8de9d75eaec9734 --compress-destination-dir | tee /tmp/oryx-build.log,,0
	2026-04-18T18:11:36.7607457Z,Operation performed by Microsoft Oryx&comma; https://github.com/Microsoft/Oryx,,0
	2026-04-18T18:11:36.8017517Z,You can report issues at https://github.com/Microsoft/Oryx/issues,,0
	2026-04-18T18:11:36.8322772Z,,,0
	2026-04-18T18:11:36.8718656Z,Oryx Version: 0.2.20260204.1+0fdbe200b286be083841ff7fa201c6c2316dc6b9&comma; Commit: 0fdbe200b286be083841ff7fa201c6c2316dc6b9&comma; ReleaseTagName: 20260204.1,,0
	2026-04-18T18:11:36.9110193Z,,,0
	2026-04-18T18:11:36.9924409Z,Build Operation ID: 6e982e8b8d2380ac,,0
	2026-04-18T18:11:37.0109798Z,Repository Commit : 57535ef3-f748-496a-b35e-d8085cc4db45,,0
	2026-04-18T18:11:37.0493437Z,OS Type           : bullseye,,0
	2026-04-18T18:11:37.1305392Z,Image Type        : githubactions,,0
	2026-04-18T18:11:37.1915511Z,,,0
	2026-04-18T18:11:37.2401690Z,Primary SDK Storage URL: https://oryx-cdn.microsoft.io,,0
	2026-04-18T18:11:37.3009625Z,Backup SDK Storage URL: ,,0
	2026-04-18T18:11:37.3496562Z,Detecting platforms...,,0
	2026-04-18T18:11:37.3917838Z,External SDK provider is enabled.,,0
	2026-04-18T18:11:37.4209900Z,Requesting metadata for platform python from external SDK provider,,0
	2026-04-18T18:11:39.7275242Z,Requesting metadata for platform python from external SDK provider,,0
	2026-04-18T18:11:41.7815305Z,Detected following platforms:,,0
	2026-04-18T18:11:41.8502501Z,  python: 3.11.15,,0
	2026-04-18T18:11:41.8698316Z,Requesting metadata for platform python from external SDK provider,,0
	2026-04-18T18:11:45.8922235Z,Version '3.11.15' of platform 'python' is not installed. Generating script to install it...,,0
	2026-04-18T18:11:46.8358570Z,,,0
	2026-04-18T18:11:46.9550085Z,Using intermediate directory '/tmp/8de9d75eaec9734'.,,0
	2026-04-18T18:11:47.0060683Z,,,0
	2026-04-18T18:11:47.0294054Z,Copying files to the intermediate directory...,,0
	2026-04-18T18:11:47.1091004Z,Copying files to intermediate directory done in 1 sec(s).,,0
	2026-04-18T18:11:47.1640427Z,,,0
	2026-04-18T18:11:47.1921172Z,Source directory     : /tmp/8de9d75eaec9734,,0
	2026-04-18T18:11:47.2333549Z,Destination directory: /home/site/wwwroot,,0
	2026-04-18T18:11:47.2844877Z,,,0
	2026-04-18T18:11:47.3246587Z,Installing platform...,,0
	2026-04-18T18:11:47.3842624Z,,,0
	2026-04-18T18:11:47.4156438Z,Downloading and extracting 'python' version '3.11.15' to '/tmp/oryx/platforms/python/3.11.15'...,,0
	2026-04-18T18:11:47.4638063Z,Detected image debian flavor: bullseye.,,0
	2026-04-18T18:11:47.5361523Z,Skipping download of python version 3.11.15 as it is available in external sdk provider cache...,,0
	2026-04-18T18:11:47.5655654Z,Extracting contents...,,0
	2026-04-18T18:12:27.6757342Z,Successfully extracted python version 3.11.15 from external sdk provider cache...,,0
	2026-04-18T18:12:27.9432724Z,,,0
	2026-04-18T18:12:27.9820802Z,image detector file exists&comma; platform is python..,,0
	2026-04-18T18:12:28.1500816Z,OS detector file exists&comma; OS is bullseye..,,0
	2026-04-18T18:12:28.3314888Z,Platform installation done in 40 sec(s).,,0
	2026-04-18T18:12:29.8705272Z,Running build script snippets...,,0
	2026-04-18T18:12:29.9995708Z,Python Version: /tmp/oryx/platforms/python/3.11.15/bin/python3.11,,0
	2026-04-18T18:12:30.1894665Z,Creating directory for command manifest file if it does not exist,,0
	2026-04-18T18:12:30.2902380Z,Removing existing manifest file,,0
	2026-04-18T18:12:30.3713705Z,Python Virtual Environment: antenv,,0
	2026-04-18T18:12:30.4374201Z,Creating virtual environment...,,0
	2026-04-18T18:12:30.5291211Z,Executing: /tmp/oryx/platforms/python/3.11.15/bin/python3.11 -m venv antenv --copies --system-site-packages,,0
	2026-04-18T18:12:52.9095950Z,Activating virtual environment...,,0
	2026-04-18T18:12:52.9678508Z,Fast build is enabled,,0
	2026-04-18T18:12:52.9979490Z,Installing uv...,,0
	2026-04-18T18:12:56.9055797Z,Collecting uv,,0
	2026-04-18T18:12:56.9477144Z,  Using cached uv-0.11.7-py3-none-manylinux_2_17_x86_64.manylinux2014_x86_64.whl.metadata (11 kB),,0
	2026-04-18T18:12:57.0563689Z,Using cached uv-0.11.7-py3-none-manylinux_2_17_x86_64.manylinux2014_x86_64.whl (24.9 MB),,0
	2026-04-18T18:12:58.1920778Z,Installing collected packages: uv,,0
	2026-04-18T18:12:59.9964772Z,Successfully installed uv-0.11.7,,0
	2026-04-18T18:13:00.8984057Z,,,1
	2026-04-18T18:13:00.9200255Z,[notice] A new release of pip is available: 24.0 -> 26.0.1,,1
	2026-04-18T18:13:00.9484211Z,[notice] To update&comma; run: pip install --upgrade pip,,1
	2026-04-18T18:13:02.4119830Z,Running uv pip install...,,0
	2026-04-18T18:16:36.5476449Z,Using Python 3.11.15 environment at: antenv,,0
	2026-04-18T18:16:36.6063949Z,Resolved 55 packages in 19.67s,,0
	2026-04-18T18:16:36.6591534Z,   Building insightface==0.7.3,,0
	2026-04-18T18:16:36.7277471Z,Downloading networkx (2.0MiB),,0
	2026-04-18T18:16:36.7503897Z,Downloading sympy (6.0MiB),,0
	2026-04-18T18:16:36.7628053Z,Downloading fonttools (4.8MiB),,0
	2026-04-18T18:16:36.7966808Z,Downloading opencv-python (60.1MiB),,0
	2026-04-18T18:16:36.8270743Z,Downloading kiwisolver (1.4MiB),,0
	2026-04-18T18:16:36.8656573Z,Downloading ml-dtypes (4.8MiB),,0
	2026-04-18T18:16:36.9061718Z,Downloading opencv-python-headless (46.8MiB),,0
	2026-04-18T18:16:36.9355890Z,Downloading onnx (16.8MiB),,0
	2026-04-18T18:16:36.9673196Z,Downloading scikit-image (13.1MiB),,0
	2026-04-18T18:16:36.9959962Z,Downloading scikit-learn (8.7MiB),,0
	2026-04-18T18:16:37.0561300Z,Downloading numpy (17.4MiB),,0
	2026-04-18T18:16:37.0858091Z,Downloading scipy (33.7MiB),,0
	2026-04-18T18:16:37.1279924Z,Downloading pillow (4.3MiB),,0
	2026-04-18T18:16:37.1772202Z,Downloading matplotlib (8.3MiB),,0
	2026-04-18T18:16:37.2352958Z,Downloading onnxruntime (16.4MiB),,0
	2026-04-18T18:16:37.2637185Z,Downloading psycopg2-binary (2.9MiB),,0
	2026-04-18T18:16:37.3025449Z, Downloaded kiwisolver,,0
	2026-04-18T18:16:37.3307244Z, Downloaded psycopg2-binary,,0
	2026-04-18T18:16:37.3632599Z, Downloaded networkx,,0
	2026-04-18T18:16:37.4106576Z, Downloaded pillow,,0
	2026-04-18T18:16:37.4433200Z, Downloaded ml-dtypes,,0
	2026-04-18T18:16:37.4842408Z, Downloaded fonttools,,0
	2026-04-18T18:16:37.5340465Z, Downloaded scikit-learn,,0
	2026-04-18T18:16:37.5722216Z, Downloaded matplotlib,,0
	2026-04-18T18:16:37.6146506Z, Downloaded scikit-image,,0
	2026-04-18T18:16:37.6737193Z, Downloaded sympy,,0
	2026-04-18T18:16:37.7227332Z, Downloaded numpy,,0
	2026-04-18T18:16:37.7524297Z, Downloaded onnxruntime,,0
	2026-04-18T18:16:37.7941832Z, Downloaded opencv-python-headless,,0
	2026-04-18T18:16:37.8243279Z, Downloaded scipy,,0
	2026-04-18T18:16:37.8653422Z, Downloaded opencv-python,,0
	2026-04-18T18:16:37.9150732Z, Downloaded onnx,,0
	2026-04-18T18:16:37.9466673Z,      Built insightface==0.7.3,,0
	2026-04-18T18:16:37.9854304Z,Prepared 54 packages in 1m 16s,,0
	2026-04-18T18:16:38.0357770Z,Installed 55 packages in 3.75s,,0
	2026-04-18T18:16:38.0669712Z,Bytecode compiled 7716 files in 1m 53s,,0
	2026-04-18T18:16:38.1146243Z, + albumentations==1.4.0,,0
	2026-04-18T18:16:38.1453032Z, + blinker==1.9.0,,0
	2026-04-18T18:16:38.1772810Z, + certifi==2026.2.25,,0
	2026-04-18T18:16:38.2074549Z, + charset-normalizer==3.4.7,,0
	2026-04-18T18:16:38.2472923Z, + click==8.3.2,,0
	2026-04-18T18:16:38.2773714Z, + contourpy==1.3.3,,0
	2026-04-18T18:16:38.3156527Z, + cycler==0.12.1,,0
	2026-04-18T18:16:38.3466147Z, + cython==3.2.4,,0
	2026-04-18T18:16:38.3875152Z, + easydict==1.13,,0
	2026-04-18T18:16:38.4267897Z, + flask==2.3.3,,0
	2026-04-18T18:16:38.4575990Z, + flask-cors==4.0.0,,0
	2026-04-18T18:16:38.5061695Z, + flatbuffers==25.12.19,,0
	2026-04-18T18:16:38.5778636Z, + fonttools==4.62.1,,0
	2026-04-18T18:16:38.7090554Z, + gunicorn==21.2.0,,0
	2026-04-18T18:16:38.7501802Z, + idna==3.11,,0
	2026-04-18T18:16:38.7999216Z, + imageio==2.37.3,,0
	2026-04-18T18:16:38.8485398Z, + insightface==0.7.3,,0
	2026-04-18T18:16:38.9088032Z, + itsdangerous==2.2.0,,0
	2026-04-18T18:16:38.9506809Z, + jinja2==3.1.6,,0
	2026-04-18T18:16:38.9889318Z, + joblib==1.5.3,,0
	2026-04-18T18:16:39.0181528Z, + kiwisolver==1.5.0,,0
	2026-04-18T18:16:39.0514534Z, + lazy-loader==0.5,,0
	2026-04-18T18:16:39.0794328Z, + markupsafe==3.0.3,,0
	2026-04-18T18:16:39.1205416Z, + matplotlib==3.10.8,,0
	2026-04-18T18:16:39.1594314Z, + ml-dtypes==0.5.4,,0
	2026-04-18T18:16:39.1915715Z, + mpmath==1.3.0,,0
	2026-04-18T18:16:39.2409350Z, + networkx==3.6.1,,0
	2026-04-18T18:16:39.2904857Z, + numpy==1.26.4,,0
	2026-04-18T18:16:39.3227354Z, + onnx==1.21.0,,0
	2026-04-18T18:16:39.3524864Z, + onnxruntime==1.24.4,,0
	2026-04-18T18:16:39.4225175Z, + opencv-python==4.11.0.86,,0
	2026-04-18T18:16:39.4616855Z, + opencv-python-headless==4.8.0.74,,0
	2026-04-18T18:16:39.4926864Z, + packaging==26.1,,0
	2026-04-18T18:16:39.5225909Z, + pillow==10.4.0,,0
	2026-04-18T18:16:39.5621243Z, + prettytable==3.17.0,,0
	2026-04-18T18:16:39.5929233Z, + protobuf==7.34.1,,0
	2026-04-18T18:16:39.6538878Z, + psycopg2-binary==2.9.9,,0
	2026-04-18T18:16:39.7019873Z, + pyparsing==3.3.2,,0
	2026-04-18T18:16:39.7602831Z, + python-dateutil==2.9.0.post0,,0
	2026-04-18T18:16:39.8217588Z, + python-dotenv==1.0.0,,0
	2026-04-18T18:16:39.8707791Z, + pyyaml==6.0.3,,0
	2026-04-18T18:16:39.9082426Z, + qudida==0.0.4,,0
	2026-04-18T18:16:39.9393379Z, + requests==2.31.0,,0
	2026-04-18T18:16:39.9703507Z, + scikit-image==0.26.0,,0
	2026-04-18T18:16:40.0320056Z, + scikit-learn==1.8.0,,0
	2026-04-18T18:16:40.0613177Z, + scipy==1.17.1,,0
	2026-04-18T18:16:40.1003471Z, + six==1.17.0,,0
	2026-04-18T18:16:40.1404566Z, + sympy==1.14.0,,0
	2026-04-18T18:16:40.1710948Z, + threadpoolctl==3.6.0,,0
	2026-04-18T18:16:40.2025250Z, + tifffile==2026.3.3,,0
	2026-04-18T18:16:40.2609245Z, + tqdm==4.67.3,,0
	2026-04-18T18:16:40.2912740Z, + typing-extensions==4.15.0,,0
	2026-04-18T18:16:40.3220202Z, + urllib3==2.6.3,,0
	2026-04-18T18:16:40.3510395Z, + wcwidth==0.6.0,,0
	2026-04-18T18:16:40.3976857Z, + werkzeug==3.1.8,,0
	2026-04-18T18:16:40.4376389Z,warning: `opencv-python-headless==4.8.0.74` is yanked (reason: "deprecated&comma; use 4.8.0.76"),,0
	2026-04-18T18:16:40.4771895Z,uv pip install done in 224 sec(s).,,0
	2026-04-18T18:16:40.5680260Z,Not a vso image&comma; so not writing build commands,,0
	2026-04-18T18:16:40.6271096Z,Build script snippets done in 247 sec(s).,,0
	2026-04-18T18:16:40.7092315Z,Preparing output...,,0
	2026-04-18T18:16:40.7974652Z,Compressing source directory directly to destination (optimized path)...,,0
	2026-04-18T18:16:40.8397713Z,Using zstd for compression,,0
	2026-04-18T18:17:58.3191424Z,Copied the compressed output to '/home/site/wwwroot',,0
	2026-04-18T18:17:58.3711170Z,Direct compression with zstd done in 82 sec(s).,,0
	2026-04-18T18:17:58.4403088Z,,,0
	2026-04-18T18:17:58.4810757Z,Removing existing manifest file,,0
	2026-04-18T18:17:58.5113820Z,Creating a manifest file...,,0
	2026-04-18T18:17:58.5633003Z,Manifest file created.,,0
	2026-04-18T18:17:58.5919387Z,Copying .ostype to manifest output directory.,,0
	2026-04-18T18:17:58.7294822Z,,,0
	2026-04-18T18:17:58.7610539Z,Total execution done in 372 sec(s).,,0
2026-04-18T18:18:00.1800662Z,Running post deployment command(s)...,24eb4f74-a471-4b27-99e4-a3be60f3fa9c,0
2026-04-18T18:18:00.3112563Z,,e214d52a-ceb2-41ee-bce6-a88da33e8d10,0
2026-04-18T18:18:00.4317877Z,Generating summary of Oryx build,d716bde8-ed41-43e4-97db-49d55209e0be,0
2026-04-18T18:18:00.5981615Z,Parsing the build logs,60f86b2e-a6db-4851-a8a0-bf1b1112c0f0,0
2026-04-18T18:18:00.7598595Z,Found 0 issue(s),cb8a8f96-731a-4fe8-a158-b4c301484ffd,0
2026-04-18T18:18:00.8828162Z,,7c7b0203-a85f-41c8-9ba2-fb55aacc7c2c,0
2026-04-18T18:18:01.0291485Z,Build Summary :,a4efee25-f546-4f69-84d5-7401d6eff8c7,0
2026-04-18T18:18:01.1489057Z,===============,df0233dd-9374-4ab9-b37d-cb7a96886c01,0
2026-04-18T18:18:01.3306376Z,Errors (0),f05d2e4c-6072-4f24-a61d-aea7c8bd2ad4,0
2026-04-18T18:18:01.4610791Z,Warnings (0),0cdd4bdc-9cbf-4ddb-9f78-700ce7cf3fe4,0
2026-04-18T18:18:01.5756882Z,,9d7ca425-de53-4a09-bdac-33731de300ab,0
2026-04-18T18:18:01.7569491Z,Triggering recycle (preview mode disabled).,41d37a75-d8ac-4dd4-81db-ed45a3be068f,0
2026-04-18T18:18:02.0052415Z,Deployment successful. deployer = Push-Deployer deploymentPath = ZipDeploy. Extract zip. Remote build.,75e6cc6e-ca2e-42a6-a69e-886136444aa2,0
