2026-04-18T18:18:53.6888473Z,Updating submodules.,5cebd420-b5bf-4571-9455-edf9805e5a09,0
2026-04-18T18:18:55.0771123Z,Preparing deployment for commit id '93ce36db-1'.,0841fc53-b780-4882-8200-478a42fa0da0,0
2026-04-18T18:18:56.4250843Z,PreDeployment: context.CleanOutputPath False,0af98a14-8acd-47f6-9032-1c4e72e8a9cc,0
2026-04-18T18:18:56.7254812Z,PreDeployment: context.OutputPath /home/site/wwwroot,5aab645f-19a2-4d2a-850d-2767bd98b02b,0
2026-04-18T18:18:57.0467151Z,Repository path is /tmp/zipdeploy/extracted,e584abeb-03d1-4d13-a900-0c461b52c38b,0
2026-04-18T18:18:57.7990812Z,Running oryx build...,459b2577-ce90-474f-a681-326970c8e987,0
	2026-04-18T18:18:57.8608959Z,Command: oryx build /tmp/zipdeploy/extracted -o /home/site/wwwroot --platform python --platform-version 3.11 -p virtualenv_name=antenv --log-file /tmp/build-debug.log  -i /tmp/8de9d76f3c483bc --compress-destination-dir | tee /tmp/oryx-build.log,,0
	2026-04-18T18:19:05.1718639Z,Operation performed by Microsoft Oryx&comma; https://github.com/Microsoft/Oryx,,0
	2026-04-18T18:19:05.2637145Z,You can report issues at https://github.com/Microsoft/Oryx/issues,,0
	2026-04-18T18:19:05.3646576Z,,,0
	2026-04-18T18:19:05.4138744Z,Oryx Version: 0.2.20260204.1+0fdbe200b286be083841ff7fa201c6c2316dc6b9&comma; Commit: 0fdbe200b286be083841ff7fa201c6c2316dc6b9&comma; ReleaseTagName: 20260204.1,,0
	2026-04-18T18:19:05.4662522Z,,,0
	2026-04-18T18:19:05.6048456Z,Build Operation ID: 6279283d0cc1f0fe,,0
	2026-04-18T18:19:05.7146383Z,Repository Commit : 93ce36db-14a3-4375-8003-7ae5e207fecf,,0
	2026-04-18T18:19:05.7664460Z,OS Type           : bullseye,,0
	2026-04-18T18:19:05.8453116Z,Image Type        : githubactions,,0
	2026-04-18T18:19:05.8965204Z,,,0
	2026-04-18T18:19:05.9784861Z,Primary SDK Storage URL: https://oryx-cdn.microsoft.io,,0
	2026-04-18T18:19:06.0387168Z,Backup SDK Storage URL: ,,0
	2026-04-18T18:19:06.0959590Z,Detecting platforms...,,0
	2026-04-18T18:19:06.1641305Z,External SDK provider is enabled.,,0
	2026-04-18T18:19:06.2438716Z,Requesting metadata for platform python from external SDK provider,,0
	2026-04-18T18:19:11.5438789Z,Requesting metadata for platform python from external SDK provider,,0
	2026-04-18T18:19:13.2604885Z,Detected following platforms:,,0
	2026-04-18T18:19:13.5884092Z,  python: 3.11.15,,0
	2026-04-18T18:19:15.5236739Z,,,0
	2026-04-18T18:19:16.0449262Z,Using intermediate directory '/tmp/8de9d76f3c483bc'.,,0
	2026-04-18T18:19:16.1057059Z,,,0
	2026-04-18T18:19:16.2256629Z,Copying files to the intermediate directory...,,0
	2026-04-18T18:19:16.3652601Z,Copying files to intermediate directory done in 0 sec(s).,,0
	2026-04-18T18:19:16.4859609Z,,,0
	2026-04-18T18:19:16.5443847Z,Source directory     : /tmp/8de9d76f3c483bc,,0
	2026-04-18T18:19:16.6238651Z,Destination directory: /home/site/wwwroot,,0
	2026-04-18T18:19:16.8087037Z,,,0
	2026-04-18T18:19:17.8455947Z,Running build script snippets...,,0
	2026-04-18T18:19:18.0264160Z,Python Version: /tmp/oryx/platforms/python/3.11.15/bin/python3.11,,0
	2026-04-18T18:19:18.0862942Z,Creating directory for command manifest file if it does not exist,,0
	2026-04-18T18:19:18.3004268Z,Removing existing manifest file,,0
	2026-04-18T18:19:18.5535360Z,Python Virtual Environment: antenv,,0
	2026-04-18T18:19:18.6629997Z,Creating virtual environment...,,0
	2026-04-18T18:19:18.8416321Z,Executing: /tmp/oryx/platforms/python/3.11.15/bin/python3.11 -m venv antenv --copies --system-site-packages,,0
	2026-04-18T18:20:39.2299983Z,Activating virtual environment...,,0
	2026-04-18T18:20:39.3014026Z,Fast build is enabled,,0
	2026-04-18T18:20:39.4017505Z,Installing uv...,,0
	2026-04-18T18:20:49.6420587Z,Collecting uv,,0
	2026-04-18T18:20:49.8011382Z,  Using cached uv-0.11.7-py3-none-manylinux_2_17_x86_64.manylinux2014_x86_64.whl.metadata (11 kB),,0
	2026-04-18T18:20:49.9128529Z,Using cached uv-0.11.7-py3-none-manylinux_2_17_x86_64.manylinux2014_x86_64.whl (24.9 MB),,0
	2026-04-18T18:20:52.5096532Z,Installing collected packages: uv,,0
	2026-04-18T18:20:56.8176193Z,Successfully installed uv-0.11.7,,0
	2026-04-18T18:20:57.9101359Z,,,1
	2026-04-18T18:20:58.0398026Z,[notice] A new release of pip is available: 24.0 -> 26.0.1,,1
	2026-04-18T18:20:58.1310979Z,[notice] To update&comma; run: pip install --upgrade pip,,1
	2026-04-18T18:21:00.8119001Z,Running uv pip install...,,0
	2026-04-18T18:23:19.5232847Z,Using Python 3.11.15 environment at: antenv,,0
	2026-04-18T18:23:19.5634796Z,Resolved 55 packages in 864ms,,0
	2026-04-18T18:23:19.6059979Z,Installed 55 packages in 8.66s,,0
	2026-04-18T18:23:19.6737264Z,Bytecode compiled 7716 files in 2m 06s,,0
	2026-04-18T18:23:19.7153756Z, + albumentations==1.4.0,,0
	2026-04-18T18:23:19.7370058Z, + blinker==1.9.0,,0
	2026-04-18T18:23:19.7718767Z, + certifi==2026.2.25,,0
	2026-04-18T18:23:19.8085616Z, + charset-normalizer==3.4.7,,0
	2026-04-18T18:23:19.8478869Z, + click==8.3.2,,0
	2026-04-18T18:23:19.8690654Z, + contourpy==1.3.3,,0
	2026-04-18T18:23:19.8878455Z, + cycler==0.12.1,,0
	2026-04-18T18:23:19.9299058Z, + cython==3.2.4,,0
	2026-04-18T18:23:19.9590512Z, + easydict==1.13,,0
	2026-04-18T18:23:19.9790576Z, + flask==2.3.3,,0
	2026-04-18T18:23:20.0091472Z, + flask-cors==4.0.0,,0
	2026-04-18T18:23:20.0398436Z, + flatbuffers==25.12.19,,0
	2026-04-18T18:23:20.0993154Z, + fonttools==4.62.1,,0
	2026-04-18T18:23:20.1475392Z, + gunicorn==21.2.0,,0
	2026-04-18T18:23:20.3391251Z, + idna==3.11,,0
	2026-04-18T18:23:20.3901810Z, + imageio==2.37.3,,0
	2026-04-18T18:23:20.4395596Z, + insightface==0.7.3,,0
	2026-04-18T18:23:20.4997101Z, + itsdangerous==2.2.0,,0
	2026-04-18T18:23:20.5508650Z, + jinja2==3.1.6,,0
	2026-04-18T18:23:20.6195623Z, + joblib==1.5.3,,0
	2026-04-18T18:23:20.6505378Z, + kiwisolver==1.5.0,,0
	2026-04-18T18:23:20.6810808Z, + lazy-loader==0.5,,0
	2026-04-18T18:23:20.7593247Z, + markupsafe==3.0.3,,0
	2026-04-18T18:23:20.8310511Z, + matplotlib==3.10.8,,0
	2026-04-18T18:23:20.8690966Z, + ml-dtypes==0.5.4,,0
	2026-04-18T18:23:20.9005234Z, + mpmath==1.3.0,,0
	2026-04-18T18:23:20.9513570Z, + networkx==3.6.1,,0
	2026-04-18T18:23:20.9892206Z, + numpy==1.26.4,,0
	2026-04-18T18:23:21.0207835Z, + onnx==1.21.0,,0
	2026-04-18T18:23:21.0507550Z, + onnxruntime==1.24.4,,0
	2026-04-18T18:23:21.0908332Z, + opencv-python==4.11.0.86,,0
	2026-04-18T18:23:21.1213735Z, + opencv-python-headless==4.8.0.74,,0
	2026-04-18T18:23:21.1625016Z, + packaging==26.1,,0
	2026-04-18T18:23:21.2101523Z, + pillow==10.4.0,,0
	2026-04-18T18:23:21.2401881Z, + prettytable==3.17.0,,0
	2026-04-18T18:23:21.2716034Z, + protobuf==7.34.1,,0
	2026-04-18T18:23:21.3028018Z, + psycopg2-binary==2.9.9,,0
	2026-04-18T18:23:21.3328196Z, + pyparsing==3.3.2,,0
	2026-04-18T18:23:21.3727731Z, + python-dateutil==2.9.0.post0,,0
	2026-04-18T18:23:21.4038494Z, + python-dotenv==1.0.0,,0
	2026-04-18T18:23:21.4337480Z, + pyyaml==6.0.3,,0
	2026-04-18T18:23:21.5122183Z, + qudida==0.0.4,,0
	2026-04-18T18:23:21.5428299Z, + requests==2.31.0,,0
	2026-04-18T18:23:21.5935085Z, + scikit-image==0.26.0,,0
	2026-04-18T18:23:21.6743648Z, + scikit-learn==1.8.0,,0
	2026-04-18T18:23:21.7322879Z, + scipy==1.17.1,,0
	2026-04-18T18:23:21.7543123Z, + six==1.17.0,,0
	2026-04-18T18:23:21.7849435Z, + sympy==1.14.0,,0
	2026-04-18T18:23:21.8231044Z, + threadpoolctl==3.6.0,,0
	2026-04-18T18:23:21.8734323Z, + tifffile==2026.3.3,,0
	2026-04-18T18:23:21.8936525Z, + tqdm==4.67.3,,0
	2026-04-18T18:23:21.9549201Z, + typing-extensions==4.15.0,,0
	2026-04-18T18:23:21.9947663Z, + urllib3==2.6.3,,0
	2026-04-18T18:23:22.0329300Z, + wcwidth==0.6.0,,0
	2026-04-18T18:23:22.0653121Z, + werkzeug==3.1.8,,0
	2026-04-18T18:23:22.1438088Z,warning: `opencv-python-headless==4.8.0.74` is yanked (reason: "deprecated&comma; use 4.8.0.76"),,0
	2026-04-18T18:23:22.2058778Z,uv pip install done in 160 sec(s).,,0
	2026-04-18T18:23:22.2369663Z,Not a vso image&comma; so not writing build commands,,0
	2026-04-18T18:23:22.2975489Z,Build script snippets done in 242 sec(s).,,0
	2026-04-18T18:23:22.3650980Z,Preparing output...,,0
	2026-04-18T18:23:22.3966776Z,Compressing source directory directly to destination (optimized path)...,,0
	2026-04-18T18:23:22.4372003Z,Using zstd for compression,,0
	2026-04-18T18:24:31.1117110Z,Copied the compressed output to '/home/site/wwwroot',,0
	2026-04-18T18:24:31.1824126Z,Direct compression with zstd done in 72 sec(s).,,0
	2026-04-18T18:24:31.2020974Z,,,0
	2026-04-18T18:24:31.2209696Z,Removing existing manifest file,,0
	2026-04-18T18:24:31.2321616Z,Creating a manifest file...,,0
	2026-04-18T18:24:31.2527603Z,Manifest file created.,,0
	2026-04-18T18:24:31.2847058Z,Copying .ostype to manifest output directory.,,0
	2026-04-18T18:24:31.3076306Z,,,0
	2026-04-18T18:24:31.3259245Z,Total execution done in 316 sec(s).,,0
2026-04-18T18:24:32.4341192Z,Running post deployment command(s)...,f6883693-3797-40de-b919-0d73deb96c8d,0
2026-04-18T18:24:32.5634225Z,,8beaa6fa-dd4b-46b3-826b-25bac9d01f77,0
2026-04-18T18:24:32.6810813Z,Generating summary of Oryx build,bf2d0a3f-5d98-4cfd-9754-e93cb0246e7b,0
2026-04-18T18:24:32.8116248Z,Parsing the build logs,40f26fc3-9f57-4fdd-9b22-016ff1a5d078,0
2026-04-18T18:24:32.9352704Z,Found 0 issue(s),bfc9dd3e-2c97-4483-ada0-c460f5c62a0b,0
2026-04-18T18:24:33.0596259Z,,32b61368-9620-4917-a654-a5ea2892029b,0
2026-04-18T18:24:33.1838142Z,Build Summary :,927c9ecc-2513-46c1-be74-38b3343d6549,0
2026-04-18T18:24:33.2947875Z,===============,cec93858-4fd7-495d-bfe7-d2bd8a1da540,0
2026-04-18T18:24:33.4150973Z,Errors (0),daced334-4370-4e8e-a9f0-ff9069875b05,0
2026-04-18T18:24:33.5366331Z,Warnings (0),769dad8e-b684-4eab-ba78-391f4a65014e,0
2026-04-18T18:24:33.6524744Z,,e7a83056-6413-46c7-93ca-f7e3fdd6dd30,0
2026-04-18T18:24:33.7850302Z,Triggering recycle (preview mode disabled).,04055934-b15e-4bf2-a632-842b692af63a,0
2026-04-18T18:24:34.0164562Z,Deployment successful. deployer = Push-Deployer deploymentPath = ZipDeploy. Extract zip. Remote build.,e2d4a748-65ea-45d6-908e-d516df830c8d,0
