2026-04-22T00:02:25.918Z INFO  - 

2026-04-22T17:23:19.008Z INFO  - Pulling image: cwayaacr.azurecr.io/ai-photo-sharing:latest
2026-04-22T17:23:19.330Z ERROR - DockerApiException: Docker API responded with status code=NotFound, response={"message":"manifest for cwayaacr.azurecr.io/ai-photo-sharing:latest not found: manifest unknown: manifest tagged by \"latest\" is not found"}

2026-04-22T17:23:19.452Z ERROR - DockerApiException: Docker API responded with status code=InternalServerError, response={"message":"Head \"https://cwayaacr.azurecr.io/v2/ai-photo-sharing/manifests/latest\": unauthorized: {\"errors\":[{\"code\":\"UNAUTHORIZED\",\"message\":\"authentication required, visit https://aka.ms/acr/authorization for more information. CorrelationId: 30614691-4c3b-4ba4-a99b-7f84f80a9d89\"}]}"}

2026-04-22T17:23:19.462Z WARN  - Image pull failed. Defaulting to local copy if present.
2026-04-22T17:23:19.484Z ERROR - Image pull failed: Verify docker image configuration and credentials (if using private repository)
2026-04-22T17:23:25.169Z INFO  - Stopping site cwaya-ai-share because it failed during startup.
2026-04-22T17:23:48.170Z INFO  - Pulling image: cwayaacr.azurecr.io/ai-photo-sharing:latest
2026-04-22T17:23:48.356Z ERROR - DockerApiException: Docker API responded with status code=NotFound, response={"message":"manifest for cwayaacr.azurecr.io/ai-photo-sharing:latest not found: manifest unknown: manifest tagged by \"latest\" is not found"}

2026-04-22T17:23:48.440Z ERROR - DockerApiException: Docker API responded with status code=InternalServerError, response={"message":"Head \"https://cwayaacr.azurecr.io/v2/ai-photo-sharing/manifests/latest\": unauthorized: {\"errors\":[{\"code\":\"UNAUTHORIZED\",\"message\":\"authentication required, visit https://aka.ms/acr/authorization for more information. CorrelationId: 0667f84d-228f-421c-b1cb-6388c5851260\"}]}"}

2026-04-22T17:23:48.441Z WARN  - Image pull failed. Defaulting to local copy if present.
2026-04-22T17:23:48.451Z ERROR - Image pull failed: Verify docker image configuration and credentials (if using private repository)
2026-04-22T17:23:54.338Z INFO  - Stopping site cwaya-ai-share because it failed during startup.
2026-04-22T17:25:36.159Z INFO  - Pulling image: cwayaacr.azurecr.io/ai-photo-sharing:latest
2026-04-22T17:25:36.560Z ERROR - DockerApiException: Docker API responded with status code=NotFound, response={"message":"manifest for cwayaacr.azurecr.io/ai-photo-sharing:latest not found: manifest unknown: manifest tagged by \"latest\" is not found"}

2026-04-22T17:25:36.810Z ERROR - DockerApiException: Docker API responded with status code=InternalServerError, response={"message":"Head \"https://cwayaacr.azurecr.io/v2/ai-photo-sharing/manifests/latest\": unauthorized: {\"errors\":[{\"code\":\"UNAUTHORIZED\",\"message\":\"authentication required, visit https://aka.ms/acr/authorization for more information. CorrelationId: ed285960-1443-4f2b-8c76-a118b47eb784\"}]}"}

2026-04-22T17:25:36.812Z WARN  - Image pull failed. Defaulting to local copy if present.
2026-04-22T17:25:36.831Z ERROR - Image pull failed: Verify docker image configuration and credentials (if using private repository)
2026-04-22T17:25:42.828Z INFO  - Stopping site cwaya-ai-share because it failed during startup.
2026-04-22T17:28:38.400Z INFO  - Pulling image: cwayaacr.azurecr.io/ai-photo-sharing:latest
2026-04-22T17:28:38.677Z ERROR - DockerApiException: Docker API responded with status code=NotFound, response={"message":"manifest for cwayaacr.azurecr.io/ai-photo-sharing:latest not found: manifest unknown: manifest tagged by \"latest\" is not found"}

2026-04-22T17:28:38.755Z ERROR - DockerApiException: Docker API responded with status code=InternalServerError, response={"message":"Head \"https://cwayaacr.azurecr.io/v2/ai-photo-sharing/manifests/latest\": unauthorized: {\"errors\":[{\"code\":\"UNAUTHORIZED\",\"message\":\"authentication required, visit https://aka.ms/acr/authorization for more information. CorrelationId: 5287b555-de53-47cb-93a8-a64082ed0b5e\"}]}"}

2026-04-22T17:28:38.758Z WARN  - Image pull failed. Defaulting to local copy if present.
2026-04-22T17:28:38.761Z ERROR - Image pull failed: Verify docker image configuration and credentials (if using private repository)
2026-04-22T17:28:44.331Z INFO  - Stopping site cwaya-ai-share because it failed during startup.
2026-04-22T17:36:17.380Z INFO  - Pulling image: cwayaacr.azurecr.io/ai-photo-sharing:latest
2026-04-22T17:36:17.667Z ERROR - DockerApiException: Docker API responded with status code=NotFound, response={"message":"manifest for cwayaacr.azurecr.io/ai-photo-sharing:latest not found: manifest unknown: manifest tagged by \"latest\" is not found"}

2026-04-22T17:36:17.749Z ERROR - DockerApiException: Docker API responded with status code=InternalServerError, response={"message":"Head \"https://cwayaacr.azurecr.io/v2/ai-photo-sharing/manifests/latest\": unauthorized: {\"errors\":[{\"code\":\"UNAUTHORIZED\",\"message\":\"authentication required, visit https://aka.ms/acr/authorization for more information. CorrelationId: 1a73b31c-885e-48df-867d-7789ae72d2ac\"}]}"}

2026-04-22T17:36:17.756Z WARN  - Image pull failed. Defaulting to local copy if present.
2026-04-22T17:36:17.767Z ERROR - Image pull failed: Verify docker image configuration and credentials (if using private repository)
2026-04-22T17:36:23.543Z INFO  - Stopping site cwaya-ai-share because it failed during startup.
2026-04-22T17:39:25.251Z INFO  - Pulling image: cwayaacr.azurecr.io/ai-photo-sharing:latest
2026-04-22T17:39:25.514Z ERROR - DockerApiException: Docker API responded with status code=NotFound, response={"message":"manifest for cwayaacr.azurecr.io/ai-photo-sharing:latest not found: manifest unknown: manifest tagged by \"latest\" is not found"}

2026-04-22T17:39:25.594Z ERROR - DockerApiException: Docker API responded with status code=InternalServerError, response={"message":"Head \"https://cwayaacr.azurecr.io/v2/ai-photo-sharing/manifests/latest\": unauthorized: {\"errors\":[{\"code\":\"UNAUTHORIZED\",\"message\":\"authentication required, visit https://aka.ms/acr/authorization for more information. CorrelationId: 41b63d7f-087b-4bc2-891b-3a034ecc3b79\"}]}"}

2026-04-22T17:39:25.601Z WARN  - Image pull failed. Defaulting to local copy if present.
2026-04-22T17:39:25.604Z ERROR - Image pull failed: Verify docker image configuration and credentials (if using private repository)
2026-04-22T17:39:31.328Z INFO  - Stopping site cwaya-ai-share because it failed during startup.
2026-04-22T17:43:52.246Z INFO  - Pulling image: cwayaacr.azurecr.io/ai-photo-sharing:latest
2026-04-22T17:43:52.490Z ERROR - DockerApiException: Docker API responded with status code=NotFound, response={"message":"manifest for cwayaacr.azurecr.io/ai-photo-sharing:latest not found: manifest unknown: manifest tagged by \"latest\" is not found"}

2026-04-22T17:43:52.570Z ERROR - DockerApiException: Docker API responded with status code=InternalServerError, response={"message":"Head \"https://cwayaacr.azurecr.io/v2/ai-photo-sharing/manifests/latest\": unauthorized: {\"errors\":[{\"code\":\"UNAUTHORIZED\",\"message\":\"authentication required, visit https://aka.ms/acr/authorization for more information. CorrelationId: 25e32cbc-6001-48f8-8027-8664317da56f\"}]}"}

2026-04-22T17:43:52.577Z WARN  - Image pull failed. Defaulting to local copy if present.
2026-04-22T17:43:52.587Z ERROR - Image pull failed: Verify docker image configuration and credentials (if using private repository)
2026-04-22T17:43:58.192Z INFO  - Stopping site cwaya-ai-share because it failed during startup.
2026-04-22T17:46:59.942Z INFO  - Pulling image: cwayaacr.azurecr.io/ai-photo-sharing:latest
2026-04-22T17:47:00.368Z ERROR - DockerApiException: Docker API responded with status code=NotFound, response={"message":"manifest for cwayaacr.azurecr.io/ai-photo-sharing:latest not found: manifest unknown: manifest tagged by \"latest\" is not found"}

2026-04-22T17:47:00.501Z ERROR - DockerApiException: Docker API responded with status code=InternalServerError, response={"message":"Head \"https://cwayaacr.azurecr.io/v2/ai-photo-sharing/manifests/latest\": unauthorized: {\"errors\":[{\"code\":\"UNAUTHORIZED\",\"message\":\"authentication required, visit https://aka.ms/acr/authorization for more information. CorrelationId: f9d7ccae-8b07-46fe-b3fb-5a3fddd928da\"}]}"}

2026-04-22T17:47:00.502Z WARN  - Image pull failed. Defaulting to local copy if present.
2026-04-22T17:47:00.521Z ERROR - Image pull failed: Verify docker image configuration and credentials (if using private repository)
2026-04-22T17:47:06.202Z INFO  - Stopping site cwaya-ai-share because it failed during startup.
2026-04-22T17:53:56.875Z INFO  - Pulling image: cwayaacr.azurecr.io/ai-photo-sharing:latest
2026-04-22T17:53:57.216Z ERROR - DockerApiException: Docker API responded with status code=NotFound, response={"message":"manifest for cwayaacr.azurecr.io/ai-photo-sharing:latest not found: manifest unknown: manifest tagged by \"latest\" is not found"}

2026-04-22T17:53:57.318Z ERROR - DockerApiException: Docker API responded with status code=InternalServerError, response={"message":"Head \"https://cwayaacr.azurecr.io/v2/ai-photo-sharing/manifests/latest\": unauthorized: {\"errors\":[{\"code\":\"UNAUTHORIZED\",\"message\":\"authentication required, visit https://aka.ms/acr/authorization for more information. CorrelationId: 4ce0d456-1a87-494f-840d-f717ed9f58fe\"}]}"}

2026-04-22T17:53:57.319Z WARN  - Image pull failed. Defaulting to local copy if present.
2026-04-22T17:53:57.825Z ERROR - Image pull failed: Verify docker image configuration and credentials (if using private repository)
2026-04-22T17:54:03.974Z INFO  - Stopping site cwaya-ai-share because it failed during startup.
2026-04-22T18:00:28.844Z INFO  - Pulling image: cwayaacr.azurecr.io/ai-photo-sharing:latest
2026-04-22T18:00:29.652Z ERROR - DockerApiException: Docker API responded with status code=NotFound, response={"message":"manifest for cwayaacr.azurecr.io/ai-photo-sharing:latest not found: manifest unknown: manifest tagged by \"latest\" is not found"}

2026-04-22T18:00:29.829Z ERROR - DockerApiException: Docker API responded with status code=InternalServerError, response={"message":"Head \"https://cwayaacr.azurecr.io/v2/ai-photo-sharing/manifests/latest\": unauthorized: {\"errors\":[{\"code\":\"UNAUTHORIZED\",\"message\":\"authentication required, visit https://aka.ms/acr/authorization for more information. CorrelationId: 53d82354-7848-46e2-813e-c26162040410\"}]}"}

2026-04-22T18:00:29.831Z WARN  - Image pull failed. Defaulting to local copy if present.
2026-04-22T18:00:29.857Z ERROR - Image pull failed: Verify docker image configuration and credentials (if using private repository)
2026-04-22T18:00:35.743Z INFO  - Stopping site cwaya-ai-share because it failed during startup.
