2026-04-22T00:02:25.918Z INFO  - 

2026-04-22T17:23:19.008Z INFO  - Pulling image: cwayaacr.azurecr.io/ai-photo-sharing:latest
2026-04-22T17:23:19.330Z ERROR - DockerApiException: Docker API responded with status code=NotFound, response={"message":"manifest for cwayaacr.azurecr.io/ai-photo-sharing:latest not found: manifest unknown: manifest tagged by \"latest\" is not found"}

2026-04-22T17:23:19.452Z ERROR - DockerApiException: Docker API responded with status code=InternalServerError, response={"message":"Head \"https://cwayaacr.azurecr.io/v2/ai-photo-sharing/manifests/latest\": unauthorized: {\"errors\":[{\"code\":\"UNAUTHORIZED\",\"message\":\"authentication required, visit https://aka.ms/acr/authorization for more information. CorrelationId: 30614691-4c3b-4ba4-a99b-7f84f80a9d89\"}]}"}

2026-04-22T17:23:19.462Z WARN  - Image pull failed. Defaulting to local copy if present.
2026-04-22T17:23:19.484Z ERROR - Image pull failed: Verify docker image configuration and credentials (if using private repository)
2026-04-22T17:23:25.169Z INFO  - Stopping site cwaya-ai-share because it failed during startup.
2026-04-22T17:23:48.170Z INFO  - Pulling image: cwayaacr.azurecr.io/ai-photo-sharing:latest
2026-04-22T17:23:48.356Z ERROR - DockerApiException: Docker API responded with status code=NotFound, response={"message":"manifest for cwayaacr.azurecr.io/ai-photo-sharing:latest not found: manifest unknown: manifest tagged by \"latest\" is not found"}

2026-04-22T17:23:48.440Z ERROR - DockerApiException: Docker API responded with status code=InternalServerError, response={"message":"Head \"https://cwayaacr.azurecr.io/v2/ai-photo-sharing/manifests/latest\": unauthorized: {\"errors\":[{\"code\":\"UNAUTHORIZED\",\"message\":\"authentication required, visit https://aka.ms/acr/authorization for more information. CorrelationId: 0667f84d-228f-421c-b1cb-6388c5851260\"}]}"}

2026-04-22T17:23:48.441Z WARN  - Image pull failed. Defaulting to local copy if present.
2026-04-22T17:23:48.451Z ERROR - Image pull failed: Verify docker image configuration and credentials (if using private repository)
2026-04-22T17:23:54.338Z INFO  - Stopping site cwaya-ai-share because it failed during startup.
2026-04-22T17:25:36.159Z INFO  - Pulling image: cwayaacr.azurecr.io/ai-photo-sharing:latest
2026-04-22T17:25:36.560Z ERROR - DockerApiException: Docker API responded with status code=NotFound, response={"message":"manifest for cwayaacr.azurecr.io/ai-photo-sharing:latest not found: manifest unknown: manifest tagged by \"latest\" is not found"}

2026-04-22T17:25:36.810Z ERROR - DockerApiException: Docker API responded with status code=InternalServerError, response={"message":"Head \"https://cwayaacr.azurecr.io/v2/ai-photo-sharing/manifests/latest\": unauthorized: {\"errors\":[{\"code\":\"UNAUTHORIZED\",\"message\":\"authentication required, visit https://aka.ms/acr/authorization for more information. CorrelationId: ed285960-1443-4f2b-8c76-a118b47eb784\"}]}"}

2026-04-22T17:25:36.812Z WARN  - Image pull failed. Defaulting to local copy if present.
2026-04-22T17:25:36.831Z ERROR - Image pull failed: Verify docker image configuration and credentials (if using private repository)
2026-04-22T17:25:42.828Z INFO  - Stopping site cwaya-ai-share because it failed during startup.
2026-04-22T17:28:38.400Z INFO  - Pulling image: cwayaacr.azurecr.io/ai-photo-sharing:latest
2026-04-22T17:28:38.677Z ERROR - DockerApiException: Docker API responded with status code=NotFound, response={"message":"manifest for cwayaacr.azurecr.io/ai-photo-sharing:latest not found: manifest unknown: manifest tagged by \"latest\" is not found"}

2026-04-22T17:28:38.755Z ERROR - DockerApiException: Docker API responded with status code=InternalServerError, response={"message":"Head \"https://cwayaacr.azurecr.io/v2/ai-photo-sharing/manifests/latest\": unauthorized: {\"errors\":[{\"code\":\"UNAUTHORIZED\",\"message\":\"authentication required, visit https://aka.ms/acr/authorization for more information. CorrelationId: 5287b555-de53-47cb-93a8-a64082ed0b5e\"}]}"}

2026-04-22T17:28:38.758Z WARN  - Image pull failed. Defaulting to local copy if present.
2026-04-22T17:28:38.761Z ERROR - Image pull failed: Verify docker image configuration and credentials (if using private repository)
2026-04-22T17:28:44.331Z INFO  - Stopping site cwaya-ai-share because it failed during startup.
2026-04-22T17:36:17.380Z INFO  - Pulling image: cwayaacr.azurecr.io/ai-photo-sharing:latest
2026-04-22T17:36:17.667Z ERROR - DockerApiException: Docker API responded with status code=NotFound, response={"message":"manifest for cwayaacr.azurecr.io/ai-photo-sharing:latest not found: manifest unknown: manifest tagged by \"latest\" is not found"}

2026-04-22T17:36:17.749Z ERROR - DockerApiException: Docker API responded with status code=InternalServerError, response={"message":"Head \"https://cwayaacr.azurecr.io/v2/ai-photo-sharing/manifests/latest\": unauthorized: {\"errors\":[{\"code\":\"UNAUTHORIZED\",\"message\":\"authentication required, visit https://aka.ms/acr/authorization for more information. CorrelationId: 1a73b31c-885e-48df-867d-7789ae72d2ac\"}]}"}

2026-04-22T17:36:17.756Z WARN  - Image pull failed. Defaulting to local copy if present.
2026-04-22T17:36:17.767Z ERROR - Image pull failed: Verify docker image configuration and credentials (if using private repository)
2026-04-22T17:36:23.543Z INFO  - Stopping site cwaya-ai-share because it failed during startup.
2026-04-22T17:39:25.251Z INFO  - Pulling image: cwayaacr.azurecr.io/ai-photo-sharing:latest
2026-04-22T17:39:25.514Z ERROR - DockerApiException: Docker API responded with status code=NotFound, response={"message":"manifest for cwayaacr.azurecr.io/ai-photo-sharing:latest not found: manifest unknown: manifest tagged by \"latest\" is not found"}

2026-04-22T17:39:25.594Z ERROR - DockerApiException: Docker API responded with status code=InternalServerError, response={"message":"Head \"https://cwayaacr.azurecr.io/v2/ai-photo-sharing/manifests/latest\": unauthorized: {\"errors\":[{\"code\":\"UNAUTHORIZED\",\"message\":\"authentication required, visit https://aka.ms/acr/authorization for more information. CorrelationId: 41b63d7f-087b-4bc2-891b-3a034ecc3b79\"}]}"}

2026-04-22T17:39:25.601Z WARN  - Image pull failed. Defaulting to local copy if present.
2026-04-22T17:39:25.604Z ERROR - Image pull failed: Verify docker image configuration and credentials (if using private repository)
2026-04-22T17:39:31.328Z INFO  - Stopping site cwaya-ai-share because it failed during startup.
2026-04-22T17:43:52.246Z INFO  - Pulling image: cwayaacr.azurecr.io/ai-photo-sharing:latest
2026-04-22T17:43:52.490Z ERROR - DockerApiException: Docker API responded with status code=NotFound, response={"message":"manifest for cwayaacr.azurecr.io/ai-photo-sharing:latest not found: manifest unknown: manifest tagged by \"latest\" is not found"}

2026-04-22T17:43:52.570Z ERROR - DockerApiException: Docker API responded with status code=InternalServerError, response={"message":"Head \"https://cwayaacr.azurecr.io/v2/ai-photo-sharing/manifests/latest\": unauthorized: {\"errors\":[{\"code\":\"UNAUTHORIZED\",\"message\":\"authentication required, visit https://aka.ms/acr/authorization for more information. CorrelationId: 25e32cbc-6001-48f8-8027-8664317da56f\"}]}"}

2026-04-22T17:43:52.577Z WARN  - Image pull failed. Defaulting to local copy if present.
2026-04-22T17:43:52.587Z ERROR - Image pull failed: Verify docker image configuration and credentials (if using private repository)
2026-04-22T17:43:58.192Z INFO  - Stopping site cwaya-ai-share because it failed during startup.
2026-04-22T17:46:59.942Z INFO  - Pulling image: cwayaacr.azurecr.io/ai-photo-sharing:latest
2026-04-22T17:47:00.368Z ERROR - DockerApiException: Docker API responded with status code=NotFound, response={"message":"manifest for cwayaacr.azurecr.io/ai-photo-sharing:latest not found: manifest unknown: manifest tagged by \"latest\" is not found"}

2026-04-22T17:47:00.501Z ERROR - DockerApiException: Docker API responded with status code=InternalServerError, response={"message":"Head \"https://cwayaacr.azurecr.io/v2/ai-photo-sharing/manifests/latest\": unauthorized: {\"errors\":[{\"code\":\"UNAUTHORIZED\",\"message\":\"authentication required, visit https://aka.ms/acr/authorization for more information. CorrelationId: f9d7ccae-8b07-46fe-b3fb-5a3fddd928da\"}]}"}

2026-04-22T17:47:00.502Z WARN  - Image pull failed. Defaulting to local copy if present.
2026-04-22T17:47:00.521Z ERROR - Image pull failed: Verify docker image configuration and credentials (if using private repository)
2026-04-22T17:47:06.202Z INFO  - Stopping site cwaya-ai-share because it failed during startup.
2026-04-22T17:53:56.875Z INFO  - Pulling image: cwayaacr.azurecr.io/ai-photo-sharing:latest
2026-04-22T17:53:57.216Z ERROR - DockerApiException: Docker API responded with status code=NotFound, response={"message":"manifest for cwayaacr.azurecr.io/ai-photo-sharing:latest not found: manifest unknown: manifest tagged by \"latest\" is not found"}

2026-04-22T17:53:57.318Z ERROR - DockerApiException: Docker API responded with status code=InternalServerError, response={"message":"Head \"https://cwayaacr.azurecr.io/v2/ai-photo-sharing/manifests/latest\": unauthorized: {\"errors\":[{\"code\":\"UNAUTHORIZED\",\"message\":\"authentication required, visit https://aka.ms/acr/authorization for more information. CorrelationId: 4ce0d456-1a87-494f-840d-f717ed9f58fe\"}]}"}

2026-04-22T17:53:57.319Z WARN  - Image pull failed. Defaulting to local copy if present.
2026-04-22T17:53:57.825Z ERROR - Image pull failed: Verify docker image configuration and credentials (if using private repository)
2026-04-22T17:54:03.974Z INFO  - Stopping site cwaya-ai-share because it failed during startup.
2026-04-22T18:00:28.844Z INFO  - Pulling image: cwayaacr.azurecr.io/ai-photo-sharing:latest
2026-04-22T18:00:29.652Z ERROR - DockerApiException: Docker API responded with status code=NotFound, response={"message":"manifest for cwayaacr.azurecr.io/ai-photo-sharing:latest not found: manifest unknown: manifest tagged by \"latest\" is not found"}

2026-04-22T18:00:29.829Z ERROR - DockerApiException: Docker API responded with status code=InternalServerError, response={"message":"Head \"https://cwayaacr.azurecr.io/v2/ai-photo-sharing/manifests/latest\": unauthorized: {\"errors\":[{\"code\":\"UNAUTHORIZED\",\"message\":\"authentication required, visit https://aka.ms/acr/authorization for more information. CorrelationId: 53d82354-7848-46e2-813e-c26162040410\"}]}"}

2026-04-22T18:00:29.831Z WARN  - Image pull failed. Defaulting to local copy if present.
2026-04-22T18:00:29.857Z ERROR - Image pull failed: Verify docker image configuration and credentials (if using private repository)
2026-04-22T18:00:35.743Z INFO  - Stopping site cwaya-ai-share because it failed during startup.
2026-04-22T19:52:35.9374778Z State: Starting, Action: EstablishingSiteNetworks, LastError: , LastErrorTimestamp: 01/01/0001 00:00:00, LastErrorDetails: , Details: , DetailsLevel: INFO
2026-04-22T19:52:39.5929841Z State: Starting, Action: StartingMsiContainer, LastError: , LastErrorTimestamp: 01/01/0001 00:00:00, LastErrorDetails: , Details: , DetailsLevel: INFO
2026-04-22T19:52:52.0012544Z State: Starting, Action: StartingSiteContainers, LastError: , LastErrorTimestamp: 01/01/0001 00:00:00, LastErrorDetails: , Details: , DetailsLevel: INFO
2026-04-22T19:52:52.0016074Z Container start method called.
2026-04-22T19:52:52.0025646Z State: Starting, Action: PullingImage, LastError: , LastErrorTimestamp: 01/01/0001 00:00:00, LastErrorDetails: , Details: Pulling image cwayaacr.azurecr.io/ai-photo-sharing:latest for cwaya-ai-share., DetailsLevel: INFO
2026-04-22T19:52:52.0029981Z Establishing network.
2026-04-22T19:52:52.0037415Z Pulling image: cwayaacr.azurecr.io/ai-photo-sharing:latest.
2026-04-22T19:54:15.1352603Z Image cwayaacr.azurecr.io/ai-photo-sharing:latest is pulled from registry cwayaacr.azurecr.io
2026-04-22T19:54:15.1357951Z Container is starting.
2026-04-22T19:54:15.1461631Z State: Starting, Action: MountingVolumes, LastError: , LastErrorTimestamp: 01/01/0001 00:00:00, LastErrorDetails: , Details: Mounting volumes for cwaya-ai-share., DetailsLevel: INFO
2026-04-22T19:54:15.1463969Z Establishing user namespace if not established already.
2026-04-22T19:54:15.1554105Z Establishing network if not established already.
2026-04-22T19:54:15.1556067Z Mounting volumes.
2026-04-22T19:54:15.1558318Z Nested mountpoint volatile/logs
2026-04-22T19:54:15.1965837Z Nested mountpoint 
2026-04-22T19:54:15.3076184Z State: Starting, Action: CreatingContainer, LastError: , LastErrorTimestamp: 01/01/0001 00:00:00, LastErrorDetails: , Details: Finished pulling container image and mounting volumes for cwaya-ai-share. Allocatinng the rest of the container resources to finish container creation., DetailsLevel: INFO
2026-04-22T19:54:15.3077537Z Creating container.
2026-04-22T19:54:15.3078345Z Creating pipes for streaming container io.
2026-04-22T19:54:15.3079117Z Creating stdout named pipe at /podr/container/pipe/1356e1d07c0d_cwaya-ai-share/stdout_01f57ad3179b449db72aa4d13e80eae3.
2026-04-22T19:54:15.3479774Z Successfully created stdout named pipe at: /podr/container/pipe/1356e1d07c0d_cwaya-ai-share/stdout_01f57ad3179b449db72aa4d13e80eae3.
2026-04-22T19:54:15.3678579Z Opening named pipe /podr/container/pipe/1356e1d07c0d_cwaya-ai-share/stdout_01f57ad3179b449db72aa4d13e80eae3 for reading in non-blocking mode.
2026-04-22T19:54:15.3861823Z Successfully opened named pipe: /podr/container/pipe/1356e1d07c0d_cwaya-ai-share/stdout_01f57ad3179b449db72aa4d13e80eae3.
2026-04-22T19:54:15.3863157Z Successfully removed non-blocking flag from /podr/container/pipe/1356e1d07c0d_cwaya-ai-share/stdout_01f57ad3179b449db72aa4d13e80eae3.
2026-04-22T19:54:15.3864670Z Creating stderr named pipe at /podr/container/pipe/1356e1d07c0d_cwaya-ai-share/stderr_f9ee05e108714ed1be29ef7062f50716.
2026-04-22T19:54:15.3866280Z Successfully created stderr named pipe at: /podr/container/pipe/1356e1d07c0d_cwaya-ai-share/stderr_f9ee05e108714ed1be29ef7062f50716.
2026-04-22T19:54:15.3867201Z Opening named pipe /podr/container/pipe/1356e1d07c0d_cwaya-ai-share/stderr_f9ee05e108714ed1be29ef7062f50716 for reading in non-blocking mode.
2026-04-22T19:54:15.3868347Z Successfully opened named pipe: /podr/container/pipe/1356e1d07c0d_cwaya-ai-share/stderr_f9ee05e108714ed1be29ef7062f50716.
2026-04-22T19:54:15.3869104Z Successfully removed non-blocking flag from /podr/container/pipe/1356e1d07c0d_cwaya-ai-share/stderr_f9ee05e108714ed1be29ef7062f50716.
2026-04-22T19:54:15.3870293Z Creating container with image: cwayaacr.azurecr.io/ai-photo-sharing:latest from registry: cwayaacr.azurecr.io and fully qualified image name: cwayaacr.azurecr.io/ai-photo-sharing:latest
2026-04-22T19:54:16.2936763Z Starting container: 1356e1d07c0d_cwaya-ai-share.
2026-04-22T19:54:16.4543866Z Starting watchers and probes.
2026-04-22T19:54:16.4633108Z Starting metrics collection.
2026-04-22T19:54:16.4637835Z Container is running.
2026-04-22T19:54:16.4655886Z State: Starting, Action: CreatingContainer, LastError: , LastErrorTimestamp: 01/01/0001 00:00:00, LastErrorDetails: , Details: Container cwaya-ai-share successfully created and is running., DetailsLevel: INFO
2026-04-22T19:54:16.5751587Z Container start method finished after 84572 ms.
2026-04-22T19:54:16.5832521Z State: Starting, Action: InitiatingSiteWarmUpProbe, LastError: , LastErrorTimestamp: 01/01/0001 00:00:00, LastErrorDetails: , Details: Container cwaya-ai-share successfully created and is running., DetailsLevel: INFO
2026-04-22T19:54:16.5833295Z State: Starting, Action: WaitingForSiteWarmUpProbeSuccess, LastError: , LastErrorTimestamp: 01/01/0001 00:00:00, LastErrorDetails: , Details: Pinging warmup path to ensure container is ready to receive requests., DetailsLevel: INFO
2026-04-22T19:54:44.4535850Z Site startup probe succeeded after 27.8686413 seconds.
2026-04-22T19:54:44.7125610Z State: Starting, Action: WarmUpProbeSucceeded, LastError: , LastErrorTimestamp: 01/01/0001 00:00:00, LastErrorDetails: , Details: Site startup probe succeeded after 27.8686413 seconds., DetailsLevel: INFO
2026-04-22T19:54:45.2931466Z Site is running with deployment version: 93ce36db-14a3-4375-8003-7ae5e207fecf
2026-04-22T19:54:45.2954753Z Site started.
2026-04-22T19:54:45.3033309Z State: Started, Action: None, LastError: , LastErrorTimestamp: 01/01/0001 00:00:00, LastErrorDetails: , Details: Site started at 04/22/2026 19:54:45 (UTC), DetailsLevel: INFO
