2026-04-23T17:27:46.3599895Z State: Starting, Action: EstablishingSiteNetworks, LastError: , LastErrorTimestamp: 01/01/0001 00:00:00, LastErrorDetails: , Details: , DetailsLevel: INFO
2026-04-23T17:27:52.0361133Z State: Starting, Action: StartingMsiContainer, LastError: , LastErrorTimestamp: 01/01/0001 00:00:00, LastErrorDetails: , Details: , DetailsLevel: INFO
2026-04-23T17:28:14.4487859Z State: Starting, Action: StartingSiteContainers, LastError: , LastErrorTimestamp: 01/01/0001 00:00:00, LastErrorDetails: , Details: , DetailsLevel: INFO
2026-04-23T17:28:14.4495881Z Container start method called.
2026-04-23T17:28:14.4498047Z State: Starting, Action: PullingImage, LastError: , LastErrorTimestamp: 01/01/0001 00:00:00, LastErrorDetails: , Details: Pulling image cwayaacr.azurecr.io/ai-photo-sharing:latest for cwaya-ai-share., DetailsLevel: INFO
2026-04-23T17:28:14.4500428Z Establishing network.
2026-04-23T17:28:14.4503183Z Pulling image: cwayaacr.azurecr.io/ai-photo-sharing:latest.
2026-04-23T17:28:17.4611946Z Container is starting.
2026-04-23T17:28:17.4616993Z State: Starting, Action: MountingVolumes, LastError: , LastErrorTimestamp: 01/01/0001 00:00:00, LastErrorDetails: , Details: Mounting volumes for cwaya-ai-share., DetailsLevel: INFO
2026-04-23T17:28:17.4699496Z Establishing user namespace if not established already.
2026-04-23T17:28:17.4701044Z Establishing network if not established already.
2026-04-23T17:28:17.4702086Z Mounting volumes.
2026-04-23T17:28:17.4703847Z Nested mountpoint volatile/logs
2026-04-23T17:28:17.4814882Z Nested mountpoint 
2026-04-23T17:28:17.6480017Z State: Starting, Action: CreatingContainer, LastError: , LastErrorTimestamp: 01/01/0001 00:00:00, LastErrorDetails: , Details: Finished pulling container image and mounting volumes for cwaya-ai-share. Allocatinng the rest of the container resources to finish container creation., DetailsLevel: INFO
2026-04-23T17:28:17.6839087Z Creating container.
2026-04-23T17:28:17.7478277Z Creating pipes for streaming container io.
2026-04-23T17:28:17.7483722Z Creating stdout named pipe at /podr/container/pipe/15d0112b0de9_cwaya-ai-share/stdout_0adcf83734964e399b9b792ed59269d3.
2026-04-23T17:28:17.7492428Z Successfully created stdout named pipe at: /podr/container/pipe/15d0112b0de9_cwaya-ai-share/stdout_0adcf83734964e399b9b792ed59269d3.
2026-04-23T17:28:17.7493824Z Opening named pipe /podr/container/pipe/15d0112b0de9_cwaya-ai-share/stdout_0adcf83734964e399b9b792ed59269d3 for reading in non-blocking mode.
2026-04-23T17:28:17.7495174Z Successfully opened named pipe: /podr/container/pipe/15d0112b0de9_cwaya-ai-share/stdout_0adcf83734964e399b9b792ed59269d3.
2026-04-23T17:28:17.7495968Z Successfully removed non-blocking flag from /podr/container/pipe/15d0112b0de9_cwaya-ai-share/stdout_0adcf83734964e399b9b792ed59269d3.
2026-04-23T17:28:17.7951227Z Creating stderr named pipe at /podr/container/pipe/15d0112b0de9_cwaya-ai-share/stderr_4762198852424dce8cfc78fee6815422.
2026-04-23T17:28:17.7953392Z Successfully created stderr named pipe at: /podr/container/pipe/15d0112b0de9_cwaya-ai-share/stderr_4762198852424dce8cfc78fee6815422.
2026-04-23T17:28:17.7954267Z Opening named pipe /podr/container/pipe/15d0112b0de9_cwaya-ai-share/stderr_4762198852424dce8cfc78fee6815422 for reading in non-blocking mode.
2026-04-23T17:28:17.7955296Z Successfully opened named pipe: /podr/container/pipe/15d0112b0de9_cwaya-ai-share/stderr_4762198852424dce8cfc78fee6815422.
2026-04-23T17:28:17.7956007Z Successfully removed non-blocking flag from /podr/container/pipe/15d0112b0de9_cwaya-ai-share/stderr_4762198852424dce8cfc78fee6815422.
2026-04-23T17:28:17.8436068Z Creating container with image: cwayaacr.azurecr.io/ai-photo-sharing:latest from registry: cwayaacr.azurecr.io and fully qualified image name: cwayaacr.azurecr.io/ai-photo-sharing:latest
2026-04-23T17:28:19.5908099Z Starting container: 15d0112b0de9_cwaya-ai-share.
2026-04-23T17:28:19.7824752Z Starting watchers and probes.
2026-04-23T17:28:19.7915130Z Starting metrics collection.
2026-04-23T17:28:19.7916953Z Container is running.
2026-04-23T17:28:19.7917906Z State: Starting, Action: CreatingContainer, LastError: , LastErrorTimestamp: 01/01/0001 00:00:00, LastErrorDetails: , Details: Container cwaya-ai-share successfully created and is running., DetailsLevel: INFO
2026-04-23T17:28:19.9734967Z Container start method finished after 5523 ms.
2026-04-23T17:28:19.9823504Z State: Starting, Action: InitiatingSiteWarmUpProbe, LastError: , LastErrorTimestamp: 01/01/0001 00:00:00, LastErrorDetails: , Details: Container cwaya-ai-share successfully created and is running., DetailsLevel: INFO
2026-04-23T17:28:19.9823873Z State: Starting, Action: WaitingForSiteWarmUpProbeSuccess, LastError: , LastErrorTimestamp: 01/01/0001 00:00:00, LastErrorDetails: , Details: Pinging warmup path to ensure container is ready to receive requests., DetailsLevel: INFO
2026-04-23T17:29:07.6498251Z Site startup probe succeeded after 47.5769954 seconds.
2026-04-23T17:29:07.9610123Z State: Starting, Action: WarmUpProbeSucceeded, LastError: , LastErrorTimestamp: 01/01/0001 00:00:00, LastErrorDetails: , Details: Site startup probe succeeded after 47.5769954 seconds., DetailsLevel: INFO
2026-04-23T17:29:09.1383424Z Site is running with deployment version: 93ce36db-14a3-4375-8003-7ae5e207fecf
2026-04-23T17:29:09.1622116Z Site started.
2026-04-23T17:29:09.1631258Z State: Started, Action: None, LastError: , LastErrorTimestamp: 01/01/0001 00:00:00, LastErrorDetails: , Details: Site started at 04/23/2026 17:29:09 (UTC), DetailsLevel: INFO
2026-04-23T17:29:29.4354031Z State: Stopping, Action: StoppingSite, LastError: , LastErrorTimestamp: 01/01/0001 00:00:00, LastErrorDetails: , Details: Site started at 04/22/2026 19:54:45 (UTC), DetailsLevel: INFO
2026-04-23T17:29:29.4861388Z State: Stopping, Action: StoppingSiteContainers, LastError: , LastErrorTimestamp: 01/01/0001 00:00:00, LastErrorDetails: , Details: Site started at 04/22/2026 19:54:45 (UTC), DetailsLevel: INFO
2026-04-23T17:29:29.4867120Z Container is terminating. Grace period: 5 seconds.
2026-04-23T17:29:29.5583566Z Stop and delete container. Retry count = 0
2026-04-23T17:29:29.5586918Z Stopping container: 1356e1d07c0d_cwaya-ai-share.
2026-04-23T17:29:43.1653996Z Deleting container: 1356e1d07c0d_cwaya-ai-share. Retry count = 0
2026-04-23T17:29:44.2106355Z Container spec TerminationMessagePolicy  path 
2026-04-23T17:29:44.2110986Z Container is terminated. Total time elapsed: 14723 ms.
2026-04-23T17:29:44.2901732Z Site: cwaya-ai-share stopped.
2026-04-23T17:32:19.5160425Z State: Starting, Action: EstablishingSiteNetworks, LastError: , LastErrorTimestamp: 01/01/0001 00:00:00, LastErrorDetails: , Details: , DetailsLevel: INFO
2026-04-23T17:32:33.1215098Z State: Starting, Action: StartingMsiContainer, LastError: , LastErrorTimestamp: 01/01/0001 00:00:00, LastErrorDetails: , Details: , DetailsLevel: INFO
2026-04-23T17:33:01.0888695Z State: Starting, Action: StartingSiteContainers, LastError: , LastErrorTimestamp: 01/01/0001 00:00:00, LastErrorDetails: , Details: , DetailsLevel: INFO
2026-04-23T17:33:01.0901219Z Container start method called.
2026-04-23T17:33:01.0978992Z State: Starting, Action: PullingImage, LastError: , LastErrorTimestamp: 01/01/0001 00:00:00, LastErrorDetails: , Details: Pulling image cwayaacr.azurecr.io/ai-photo-sharing:latest for cwaya-ai-share., DetailsLevel: INFO
2026-04-23T17:33:01.0985323Z Establishing network.
2026-04-23T17:33:01.0998934Z Pulling image: cwayaacr.azurecr.io/ai-photo-sharing:latest.
2026-04-23T17:33:07.6983873Z Image cwayaacr.azurecr.io/ai-photo-sharing:latest is pulled from registry cwayaacr.azurecr.io
2026-04-23T17:33:07.7508385Z Container is starting.
2026-04-23T17:33:07.7982982Z State: Starting, Action: MountingVolumes, LastError: , LastErrorTimestamp: 01/01/0001 00:00:00, LastErrorDetails: , Details: Mounting volumes for cwaya-ai-share., DetailsLevel: INFO
2026-04-23T17:33:07.7998828Z Establishing user namespace if not established already.
2026-04-23T17:33:07.8007484Z Establishing network if not established already.
2026-04-23T17:33:07.8013860Z Mounting volumes.
2026-04-23T17:33:07.9723559Z Nested mountpoint volatile/logs
2026-04-23T17:33:08.0612086Z Nested mountpoint 
2026-04-23T17:33:08.3188485Z State: Starting, Action: CreatingContainer, LastError: , LastErrorTimestamp: 01/01/0001 00:00:00, LastErrorDetails: , Details: Finished pulling container image and mounting volumes for cwaya-ai-share. Allocatinng the rest of the container resources to finish container creation., DetailsLevel: INFO
2026-04-23T17:33:08.3195370Z Creating container.
2026-04-23T17:33:08.3197795Z Creating pipes for streaming container io.
2026-04-23T17:33:08.3200409Z Creating stdout named pipe at /podr/container/pipe/1190ce7b85e5_cwaya-ai-share/stdout_3bea4bbd6a454f3b957690088cb3a9d4.
2026-04-23T17:33:08.3600347Z Successfully created stdout named pipe at: /podr/container/pipe/1190ce7b85e5_cwaya-ai-share/stdout_3bea4bbd6a454f3b957690088cb3a9d4.
2026-04-23T17:33:08.3610738Z Opening named pipe /podr/container/pipe/1190ce7b85e5_cwaya-ai-share/stdout_3bea4bbd6a454f3b957690088cb3a9d4 for reading in non-blocking mode.
2026-04-23T17:33:08.4117327Z Successfully opened named pipe: /podr/container/pipe/1190ce7b85e5_cwaya-ai-share/stdout_3bea4bbd6a454f3b957690088cb3a9d4.
2026-04-23T17:33:08.4198747Z Successfully removed non-blocking flag from /podr/container/pipe/1190ce7b85e5_cwaya-ai-share/stdout_3bea4bbd6a454f3b957690088cb3a9d4.
2026-04-23T17:33:08.4314253Z Creating stderr named pipe at /podr/container/pipe/1190ce7b85e5_cwaya-ai-share/stderr_709e3825f53e4c3a97c14e6bf8907db5.
2026-04-23T17:33:08.4316244Z Successfully created stderr named pipe at: /podr/container/pipe/1190ce7b85e5_cwaya-ai-share/stderr_709e3825f53e4c3a97c14e6bf8907db5.
2026-04-23T17:33:08.4317030Z Opening named pipe /podr/container/pipe/1190ce7b85e5_cwaya-ai-share/stderr_709e3825f53e4c3a97c14e6bf8907db5 for reading in non-blocking mode.
2026-04-23T17:33:08.4318016Z Successfully opened named pipe: /podr/container/pipe/1190ce7b85e5_cwaya-ai-share/stderr_709e3825f53e4c3a97c14e6bf8907db5.
2026-04-23T17:33:08.4318776Z Successfully removed non-blocking flag from /podr/container/pipe/1190ce7b85e5_cwaya-ai-share/stderr_709e3825f53e4c3a97c14e6bf8907db5.
2026-04-23T17:33:08.4419131Z Creating container with image: cwayaacr.azurecr.io/ai-photo-sharing:latest from registry: cwayaacr.azurecr.io and fully qualified image name: cwayaacr.azurecr.io/ai-photo-sharing:latest
2026-04-23T17:33:11.8702121Z Starting container: 1190ce7b85e5_cwaya-ai-share.
2026-04-23T17:33:12.1809252Z Starting watchers and probes.
2026-04-23T17:33:12.2520704Z Starting metrics collection.
2026-04-23T17:33:12.2609764Z Container is running.
2026-04-23T17:33:12.2616413Z State: Starting, Action: CreatingContainer, LastError: , LastErrorTimestamp: 01/01/0001 00:00:00, LastErrorDetails: , Details: Container cwaya-ai-share successfully created and is running., DetailsLevel: INFO
2026-04-23T17:33:12.6737917Z Container start method finished after 11582 ms.
2026-04-23T17:33:12.7245871Z State: Starting, Action: InitiatingSiteWarmUpProbe, LastError: , LastErrorTimestamp: 01/01/0001 00:00:00, LastErrorDetails: , Details: Container cwaya-ai-share successfully created and is running., DetailsLevel: INFO
2026-04-23T17:33:12.7246564Z State: Starting, Action: WaitingForSiteWarmUpProbeSuccess, LastError: , LastErrorTimestamp: 01/01/0001 00:00:00, LastErrorDetails: , Details: Pinging warmup path to ensure container is ready to receive requests., DetailsLevel: INFO
2026-04-23T17:34:17.2549439Z Site startup probe succeeded after 64.2477747 seconds.
2026-04-23T17:34:17.6526667Z State: Starting, Action: WarmUpProbeSucceeded, LastError: , LastErrorTimestamp: 01/01/0001 00:00:00, LastErrorDetails: , Details: Site startup probe succeeded after 64.2477747 seconds., DetailsLevel: INFO
2026-04-23T17:34:19.5126034Z Site is running with deployment version: 93ce36db-14a3-4375-8003-7ae5e207fecf
2026-04-23T17:34:19.5218793Z Site started.
2026-04-23T17:34:19.5223373Z State: Started, Action: None, LastError: , LastErrorTimestamp: 01/01/0001 00:00:00, LastErrorDetails: , Details: Site started at 04/23/2026 17:34:19 (UTC), DetailsLevel: INFO
2026-04-23T17:34:39.9980907Z State: Stopping, Action: StoppingSite, LastError: , LastErrorTimestamp: 01/01/0001 00:00:00, LastErrorDetails: , Details: Site started at 04/23/2026 17:29:09 (UTC), DetailsLevel: INFO
2026-04-23T17:34:40.1483634Z State: Stopping, Action: StoppingSiteContainers, LastError: , LastErrorTimestamp: 01/01/0001 00:00:00, LastErrorDetails: , Details: Site started at 04/23/2026 17:29:09 (UTC), DetailsLevel: INFO
2026-04-23T17:34:40.1979054Z Container is terminating. Grace period: 5 seconds.
2026-04-23T17:34:40.4175110Z Stop and delete container. Retry count = 0
2026-04-23T17:34:40.4284280Z Stopping container: 15d0112b0de9_cwaya-ai-share.
2026-04-23T17:34:55.4868413Z Stop container failed with unexpected exception. Proceed regardless.
2026-04-23T17:34:55.5958681Z Deleting container: 15d0112b0de9_cwaya-ai-share. Retry count = 0
2026-04-23T17:34:55.8275702Z Delete container failed with unexpected exception.
2026-04-23T17:34:57.8493983Z Stop and delete container. Retry count = 1
2026-04-23T17:34:57.8580086Z Stopping container: 15d0112b0de9_cwaya-ai-share.
2026-04-23T17:34:58.0386729Z Deleting container: 15d0112b0de9_cwaya-ai-share. Retry count = 1
2026-04-23T17:34:59.2962321Z Container spec TerminationMessagePolicy  path 
2026-04-23T17:34:59.3125100Z Container is terminated. Total time elapsed: 19049 ms.
2026-04-23T17:34:59.3221264Z Site: cwaya-ai-share stopped.
