2026-04-22T18:12:46.4667990Z State: Starting, Action: EstablishingSiteNetworks, LastError: , LastErrorTimestamp: 01/01/0001 00:00:00, LastErrorDetails: , Details: , DetailsLevel: INFO
2026-04-22T18:12:50.1879060Z State: Starting, Action: StartingMsiContainer, LastError: , LastErrorTimestamp: 01/01/0001 00:00:00, LastErrorDetails: , Details: , DetailsLevel: INFO
2026-04-22T18:13:12.0086071Z State: Starting, Action: StartingSiteContainers, LastError: , LastErrorTimestamp: 01/01/0001 00:00:00, LastErrorDetails: , Details: , DetailsLevel: INFO
2026-04-22T18:13:12.0164312Z Container start method called.
2026-04-22T18:13:12.0167880Z State: Starting, Action: PullingImage, LastError: , LastErrorTimestamp: 01/01/0001 00:00:00, LastErrorDetails: , Details: Pulling image cwayaacr.azurecr.io/ai-photo-sharing:latest for cwaya-ai-share., DetailsLevel: INFO
2026-04-22T18:13:12.0171372Z Establishing network.
2026-04-22T18:13:12.0174201Z Pulling image: cwayaacr.azurecr.io/ai-photo-sharing:latest.
2026-04-22T18:13:15.9673833Z Container pull image failed with reason: ImagePullFailure. Revert by terminate.
2026-04-22T18:13:15.9873189Z Container is terminating. Grace period: 5 seconds.
2026-04-22T18:13:15.9894957Z Container spec TerminationMessagePolicy  path 
2026-04-22T18:13:15.9986838Z Container is terminated. Total time elapsed: 10 ms.
2026-04-22T18:13:15.9993628Z Site container: cwaya-ai-share terminated during site startup.
2026-04-22T18:13:16.0084304Z State: Stopping, Action: CancellingStartup, LastError: , LastErrorTimestamp: 01/01/0001 00:00:00, LastErrorDetails: , Details: Site container: cwaya-ai-share terminated during site startup. Cancelling site startup., DetailsLevel: ERR
2026-04-22T18:13:16.0380525Z State: Stopping, Action: CancellingStartup, LastError: ImageNotFoundFailure, LastErrorTimestamp: 04/22/2026 18:13:16, LastErrorDetails: Failed to pull image: cwayaacr.azurecr.io/ai-photo-sharing:latest. Image pull failed because the image was not found. Check the registry to ensure the image is present or check for any misspellings., Details: Site container: cwaya-ai-share terminated during site startup. Cancelling site startup., DetailsLevel: ERR
2026-04-22T18:13:16.0596139Z Failed to start site. Revert by stopping site.
2026-04-22T18:13:16.0798936Z State: Stopping, Action: StoppingSite, LastError: ImageNotFoundFailure, LastErrorTimestamp: 04/22/2026 18:13:16, LastErrorDetails: Failed to pull image: cwayaacr.azurecr.io/ai-photo-sharing:latest. Image pull failed because the image was not found. Check the registry to ensure the image is present or check for any misspellings., Details: Site container: cwaya-ai-share terminated during site startup. Cancelling site startup., DetailsLevel: ERR
2026-04-22T18:13:16.0983315Z State: Stopping, Action: StoppingSiteContainers, LastError: ImageNotFoundFailure, LastErrorTimestamp: 04/22/2026 18:13:16, LastErrorDetails: Failed to pull image: cwayaacr.azurecr.io/ai-photo-sharing:latest. Image pull failed because the image was not found. Check the registry to ensure the image is present or check for any misspellings., Details: Site container: cwaya-ai-share terminated during site startup. Cancelling site startup., DetailsLevel: ERR
2026-04-22T18:13:16.0996161Z Site: cwaya-ai-share stopped.
2026-04-22T18:15:40.987Z INFO  - Pulling image: cwayaacr.azurecr.io/ai-photo-sharing:latest
2026-04-22T18:15:41.403Z ERROR - DockerApiException: Docker API responded with status code=NotFound, response={"message":"manifest for cwayaacr.azurecr.io/ai-photo-sharing:latest not found: manifest unknown: manifest tagged by \"latest\" is not found"}

2026-04-22T18:15:41.613Z ERROR - DockerApiException: Docker API responded with status code=InternalServerError, response={"message":"Head \"https://cwayaacr.azurecr.io/v2/ai-photo-sharing/manifests/latest\": unauthorized: {\"errors\":[{\"code\":\"UNAUTHORIZED\",\"message\":\"authentication required, visit https://aka.ms/acr/authorization for more information. CorrelationId: 7e8ed112-34df-456e-bf69-774e66156a4d\"}]}"}

2026-04-22T18:15:41.621Z WARN  - Image pull failed. Defaulting to local copy if present.
2026-04-22T18:15:41.632Z ERROR - Image pull failed: Verify docker image configuration and credentials (if using private repository)
2026-04-22T18:15:48.038Z INFO  - Stopping site cwaya-ai-share because it failed during startup.
B / 6MB
2026-04-22T18:14:52.827Z INFO  - 61762e38b07d Downloading 958KB / 21MB
2026-04-22T18:14:52.839Z INFO  - 2cf9343f1fe1 Downloading 2MB / 21MB
2026-04-22T18:14:52.880Z INFO  - ff86293c9e8b Downloading 1MB / 6MB
2026-04-22T18:14:52.920Z INFO  - 61762e38b07d Downloading 1MB / 21MB
2026-04-22T18:14:53.059Z INFO  - ff86293c9e8b Downloading 1MB / 6MB
2026-04-22T18:14:53.201Z INFO  - 61762e38b07d Downloading 3MB / 21MB
2026-04-22T18:14:53.472Z INFO  - 61762e38b07d Downloading 5MB / 21MB
2026-04-22T18:14:53.532Z INFO  - 2cf9343f1fe1 Downloading 6MB / 21MB
2026-04-22T18:14:53.782Z INFO  - 61762e38b07d Downloading 7MB / 21MB
2026-04-22T18:14:53.793Z INFO  - 2cf9343f1fe1 Downloading 9MB / 21MB
2026-04-22T18:14:53.910Z INFO  - ff86293c9e8b Verifying Checksum
2026-04-22T18:14:53.912Z INFO  - ff86293c9e8b Download complete
2026-04-22T18:14:53.980Z INFO  - 61762e38b07d Downloading 9MB / 21MB
2026-04-22T18:14:54.061Z INFO  - 2cf9343f1fe1 Downloading 12MB / 21MB
2026-04-22T18:14:54.316Z INFO  - 2cf9343f1fe1 Downloading 14MB / 21MB
2026-04-22T18:14:54.349Z INFO  - 2cf9343f1fe1 Downloading 16MB / 21MB
2026-04-22T18:14:54.357Z INFO  - 61762e38b07d Downloading 12MB / 21MB
2026-04-22T18:14:54.509Z INFO  - 2cf9343f1fe1 Downloading 17MB / 21MB
2026-04-22T18:14:54.577Z INFO  - ff86293c9e8b Extracting 480KB / 6MB
2026-04-22T18:14:54.748Z INFO  - 2cf9343f1fe1 Downloading 19MB / 21MB
2026-04-22T18:14:54.750Z INFO  - ff86293c9e8b Extracting 864KB / 6MB
2026-04-22T18:14:55.229Z INFO  - 61762e38b07d Downloading 15MB / 21MB
2026-04-22T18:14:55.430Z INFO  - ff86293c9e8b Extracting 1MB / 6MB
2026-04-22T18:14:55.628Z INFO  - 61762e38b07d Downloading 17MB / 21MB
2026-04-22T18:14:55.629Z INFO  - ff86293c9e8b Extracting 3MB / 6MB
2026-04-22T18:14:55.629Z INFO  - 2cf9343f1fe1 Verifying Checksum
2026-04-22T18:14:55.630Z INFO  - 2cf9343f1fe1 Download complete
2026-04-22T18:14:56.060Z INFO  - 61762e38b07d Downloading 19MB / 21MB
2026-04-22T18:14:56.782Z INFO  - 61762e38b07d Downloading 19MB / 21MB
2026-04-22T18:14:56.861Z INFO  - ff86293c9e8b Extracting 6MB / 6MB
2026-04-22T18:14:56.882Z INFO  - 61762e38b07d Downloading 21MB / 21MB
2026-04-22T18:14:57.011Z INFO  - 61762e38b07d Verifying Checksum
2026-04-22T18:14:57.011Z INFO  - 61762e38b07d Download complete
2026-04-22T18:14:57.327Z INFO  - ff86293c9e8b Extracting 6MB / 6MB
2026-04-22T18:14:57.398Z INFO  - ff86293c9e8b Pull complete
2026-04-22T18:14:57.425Z INFO  - 4f4fb700ef54 Extracting 32B / 32B
2026-04-22T18:14:57.506Z INFO  - 4f4fb700ef54 Extracting 32B / 32B
2026-04-22T18:14:57.619Z INFO  - 4f4fb700ef54 Pull complete
2026-04-22T18:14:59.990Z INFO  - 2cf9343f1fe1 Extracting 448KB / 21MB
2026-04-22T18:15:02.299Z INFO  - 2cf9343f1fe1 Extracting 896KB / 21MB
2026-04-22T18:15:02.425Z INFO  - 2cf9343f1fe1 Extracting 1MB / 21MB
2026-04-22T18:15:02.869Z INFO  - 2cf9343f1fe1 Extracting 1MB / 21MB
2026-04-22T18:15:03.145Z INFO  - 2cf9343f1fe1 Extracting 2MB / 21MB
2026-04-22T18:15:03.524Z INFO  - 2cf9343f1fe1 Extracting 3MB / 21MB
2026-04-22T18:15:03.643Z INFO  - 2cf9343f1fe1 Extracting 3MB / 21MB
2026-04-22T18:15:04.383Z INFO  - 2cf9343f1fe1 Extracting 4MB / 21MB
2026-04-22T18:15:05.076Z INFO  - 2cf9343f1fe1 Extracting 8MB / 21MB
2026-04-22T18:15:05.087Z INFO  - 2cf9343f1fe1 Extracting 9MB / 21MB
2026-04-22T18:15:05.227Z INFO  - 2cf9343f1fe1 Extracting 10MB / 21MB
2026-04-22T18:15:05.899Z INFO  - 2cf9343f1fe1 Extracting 11MB / 21MB
2026-04-22T18:15:05.899Z INFO  - 2cf9343f1fe1 Extracting 12MB / 21MB
2026-04-22T18:15:06.022Z INFO  - 2cf9343f1fe1 Extracting 14MB / 21MB
2026-04-22T18:15:06.167Z INFO  - 2cf9343f1fe1 Extracting 14MB / 21MB
2026-04-22T18:15:06.359Z INFO  - 2cf9343f1fe1 Extracting 15MB / 21MB
2026-04-22T18:15:06.635Z INFO  - 2cf9343f1fe1 Extracting 16MB / 21MB
2026-04-22T18:15:06.760Z INFO  - 2cf9343f1fe1 Extracting 16MB / 21MB
2026-04-22T18:15:07.211Z INFO  - 2cf9343f1fe1 Extracting 19MB / 21MB
2026-04-22T18:15:07.488Z INFO  - 2cf9343f1fe1 Extracting 20MB / 21MB
2026-04-22T18:15:07.826Z INFO  - 2cf9343f1fe1 Extracting 21MB / 21MB
2026-04-22T18:15:07.955Z INFO  - 2cf9343f1fe1 Extracting 21MB / 21MB
2026-04-22T18:15:08.365Z INFO  - 2cf9343f1fe1 Extracting 21MB / 21MB
2026-04-22T18:15:08.433Z INFO  - 2cf9343f1fe1 Pull complete
2026-04-22T18:15:09.438Z INFO  - 61762e38b07d Extracting 1MB / 21MB
2026-04-22T18:15:09.451Z INFO  - 61762e38b07d Extracting 4MB / 21MB
2026-04-22T18:15:09.640Z INFO  - 61762e38b07d Extracting 6MB / 21MB
2026-04-22T18:15:09.750Z INFO  - 61762e38b07d Extracting 7MB / 21MB
2026-04-22T18:15:10.093Z INFO  - 61762e38b07d Extracting 9MB / 21MB
2026-04-22T18:15:10.378Z INFO  - 61762e38b07d Extracting 11MB / 21MB
2026-04-22T18:15:10.489Z INFO  - 61762e38b07d Extracting 12MB / 21MB
2026-04-22T18:15:10.640Z INFO  - 61762e38b07d Extracting 12MB / 21MB
2026-04-22T18:15:10.787Z INFO  - 61762e38b07d Extracting 13MB / 21MB
2026-04-22T18:15:10.936Z INFO  - 61762e38b07d Extracting 13MB / 21MB
2026-04-22T18:15:11.007Z INFO  - 61762e38b07d Extracting 14MB / 21MB
2026-04-22T18:15:11.164Z INFO  - 61762e38b07d Extracting 15MB / 21MB
2026-04-22T18:15:11.301Z INFO  - 61762e38b07d Extracting 16MB / 21MB
2026-04-22T18:15:11.631Z INFO  - 61762e38b07d Extracting 18MB / 21MB
2026-04-22T18:15:11.759Z INFO  - 61762e38b07d Extracting 19MB / 21MB
2026-04-22T18:15:11.871Z INFO  - 61762e38b07d Extracting 19MB / 21MB
2026-04-22T18:15:12.222Z INFO  - 61762e38b07d Extracting 21MB / 21MB
2026-04-22T18:15:12.321Z INFO  - 61762e38b07d Pull complete
2026-04-22T18:15:12.864Z INFO  -  Digest: sha256:87e292c11a9f1b68dcbfe9785ceca58e44e366f163f7fbf2ad2fb1e6c13fde18
2026-04-22T18:15:12.864Z INFO  -  Status: Downloaded newer image for mcr.microsoft.com/appsvc/msitokenservice:stage4
2026-04-22T18:15:12.895Z INFO  - Pull Image successful, Time taken: 24 Seconds
2026-04-22T18:15:16.013Z INFO  - Starting container for site
2026-04-22T18:15:16.013Z INFO  - docker run -d --expose=8081 --name cwaya-ai-share_0_80145cbb_msiProxy -e WEBSITE_ROLE_INSTANCE_ID=0 -e WEBSITE_HOSTNAME=cwaya-ai-share.azurewebsites.net -e WEBSITE_INSTANCE_ID=e692bb23d440be15ef9106815d1b366fa852843a1b2f561c492556724c7ddac7 mcr.microsoft.com/appsvc/msitokenservice:stage4 REDACTED
2026-04-22T18:15:16.013Z INFO  - Logging is not enabled for this container.
Please use https://aka.ms/linux-diagnostics to enable logging to see container logs here.
2026-04-22T18:16:24.235Z INFO  - Pulling image: cwayaacr.azurecr.io/ai-photo-sharing:latest
2026-04-22T18:16:25.175Z ERROR - DockerApiException: Docker API responded with status code=NotFound, response={"message":"manifest for cwayaacr.azurecr.io/ai-photo-sharing:latest not found: manifest unknown: manifest tagged by \"latest\" is not found"}

2026-04-22T18:16:25.566Z ERROR - DockerApiException: Docker API responded with status code=InternalServerError, response={"message":"Head \"https://cwayaacr.azurecr.io/v2/ai-photo-sharing/manifests/latest\": unauthorized: {\"errors\":[{\"code\":\"UNAUTHORIZED\",\"message\":\"authentication required, visit https://aka.ms/acr/authorization for more information. CorrelationId: a0c1c78d-c7e6-4c7d-abb7-5b455bc03ed6\"}]}"}

2026-04-22T18:16:25.574Z WARN  - Image pull failed. Defaulting to local copy if present.
2026-04-22T18:16:25.613Z ERROR - Image pull failed: Verify docker image configuration and credentials (if using private repository)
2026-04-22T18:16:31.976Z INFO  - Stopping site cwaya-ai-share because it failed during startup.
2026-04-22T18:17:07.396Z INFO  - Pulling image: cwayaacr.azurecr.io/ai-photo-sharing:latest
2026-04-22T18:17:07.630Z ERROR - DockerApiException: Docker API responded with status code=NotFound, response={"message":"manifest for cwayaacr.azurecr.io/ai-photo-sharing:latest not found: manifest unknown: manifest tagged by \"latest\" is not found"}

2026-04-22T18:17:07.722Z ERROR - DockerApiException: Docker API responded with status code=InternalServerError, response={"message":"Head \"https://cwayaacr.azurecr.io/v2/ai-photo-sharing/manifests/latest\": unauthorized: {\"errors\":[{\"code\":\"UNAUTHORIZED\",\"message\":\"authentication required, visit https://aka.ms/acr/authorization for more information. CorrelationId: a989aed0-3426-4c0e-9b01-c504a739490c\"}]}"}

2026-04-22T18:17:07.733Z WARN  - Image pull failed. Defaulting to local copy if present.
2026-04-22T18:17:07.762Z ERROR - Image pull failed: Verify docker image configuration and credentials (if using private repository)
2026-04-22T18:17:14.108Z INFO  - Stopping site cwaya-ai-share because it failed during startup.
2026-04-22T18:17:38.563Z INFO  - Pulling image: cwayaacr.azurecr.io/ai-photo-sharing:latest
2026-04-22T18:17:38.727Z ERROR - DockerApiException: Docker API responded with status code=NotFound, response={"message":"manifest for cwayaacr.azurecr.io/ai-photo-sharing:latest not found: manifest unknown: manifest tagged by \"latest\" is not found"}

2026-04-22T18:17:38.794Z ERROR - DockerApiException: Docker API responded with status code=InternalServerError, response={"message":"Head \"https://cwayaacr.azurecr.io/v2/ai-photo-sharing/manifests/latest\": unauthorized: {\"errors\":[{\"code\":\"UNAUTHORIZED\",\"message\":\"authentication required, visit https://aka.ms/acr/authorization for more information. CorrelationId: 7f9259fb-ab6d-45dd-bf6b-bff71a675215\"}]}"}

2026-04-22T18:17:38.795Z WARN  - Image pull failed. Defaulting to local copy if present.
2026-04-22T18:17:38.804Z ERROR - Image pull failed: Verify docker image configuration and credentials (if using private repository)
2026-04-22T18:17:44.501Z INFO  - Stopping site cwaya-ai-share because it failed during startup.
2026-04-22T18:20:00.5124834Z State: Starting, Action: EstablishingSiteNetworks, LastError: , LastErrorTimestamp: 01/01/0001 00:00:00, LastErrorDetails: , Details: , DetailsLevel: INFO
2026-04-22T18:20:03.9062437Z State: Starting, Action: StartingMsiContainer, LastError: , LastErrorTimestamp: 01/01/0001 00:00:00, LastErrorDetails: , Details: , DetailsLevel: INFO
2026-04-22T18:20:19.1823403Z State: Starting, Action: StartingSiteContainers, LastError: , LastErrorTimestamp: 01/01/0001 00:00:00, LastErrorDetails: , Details: , DetailsLevel: INFO
2026-04-22T18:20:19.1993717Z Container start method called.
2026-04-22T18:20:19.2000692Z State: Starting, Action: PullingImage, LastError: , LastErrorTimestamp: 01/01/0001 00:00:00, LastErrorDetails: , Details: Pulling image cwayaacr.azurecr.io/ai-photo-sharing:latest for cwaya-ai-share., DetailsLevel: INFO
2026-04-22T18:20:19.2003413Z Establishing network.
2026-04-22T18:20:19.2004763Z Pulling image: cwayaacr.azurecr.io/ai-photo-sharing:latest.
2026-04-22T18:20:22.0995941Z Container pull image failed with reason: ImagePullFailure. Revert by terminate.
2026-04-22T18:20:22.1010296Z Container is terminating. Grace period: 5 seconds.
2026-04-22T18:20:22.1089080Z Container spec TerminationMessagePolicy  path 
2026-04-22T18:20:22.1093508Z Container is terminated. Total time elapsed: 8 ms.
2026-04-22T18:20:22.1098154Z Site container: cwaya-ai-share terminated during site startup.
2026-04-22T18:20:22.1103523Z State: Stopping, Action: CancellingStartup, LastError: , LastErrorTimestamp: 01/01/0001 00:00:00, LastErrorDetails: , Details: Site container: cwaya-ai-share terminated during site startup. Cancelling site startup., DetailsLevel: ERR
2026-04-22T18:20:22.1484053Z State: Stopping, Action: CancellingStartup, LastError: ImageNotFoundFailure, LastErrorTimestamp: 04/22/2026 18:20:22, LastErrorDetails: Failed to pull image: cwayaacr.azurecr.io/ai-photo-sharing:latest. Image pull failed because the image was not found. Check the registry to ensure the image is present or check for any misspellings., Details: Site container: cwaya-ai-share terminated during site startup. Cancelling site startup., DetailsLevel: ERR
2026-04-22T18:20:22.1707416Z Failed to start site. Revert by stopping site.
2026-04-22T18:20:22.1784664Z State: Stopping, Action: StoppingSite, LastError: ImageNotFoundFailure, LastErrorTimestamp: 04/22/2026 18:20:22, LastErrorDetails: Failed to pull image: cwayaacr.azurecr.io/ai-photo-sharing:latest. Image pull failed because the image was not found. Check the registry to ensure the image is present or check for any misspellings., Details: Site container: cwaya-ai-share terminated during site startup. Cancelling site startup., DetailsLevel: ERR
2026-04-22T18:20:22.1805399Z State: Stopping, Action: StoppingSiteContainers, LastError: ImageNotFoundFailure, LastErrorTimestamp: 04/22/2026 18:20:22, LastErrorDetails: Failed to pull image: cwayaacr.azurecr.io/ai-photo-sharing:latest. Image pull failed because the image was not found. Check the registry to ensure the image is present or check for any misspellings., Details: Site container: cwaya-ai-share terminated during site startup. Cancelling site startup., DetailsLevel: ERR
2026-04-22T18:20:22.1809672Z Site: cwaya-ai-share stopped.
2026-04-22T18:20:22.1900600Z State: Stopping, Action: UnmountingVolumes, LastError: ImageNotFoundFailure, LastErrorTimestamp: 04/22/2026 18:20:22, LastErrorDetails: Failed to pull image: cwayaacr.azurecr.io/ai-photo-sharing:latest. Image pull failed because the image was not found. Check the registry to ensure the image is present or check for any misspellings., Details: Site container: cwaya-ai-share terminated during site startup. Cancelling site startup., DetailsLevel: ERR
2026-04-22T18:20:23.4112520Z Site container: cwaya-ai-share_managedIdentity terminated during site startup.
2026-04-22T18:20:23.4115257Z State: Stopping, Action: UnmountingVolumes, LastError: ImageNotFoundFailure, LastErrorTimestamp: 04/22/2026 18:20:22, LastErrorDetails: Failed to pull image: cwayaacr.azurecr.io/ai-photo-sharing:latest. Image pull failed because the image was not found. Check the registry to ensure the image is present or check for any misspellings., Details: Site container: cwaya-ai-share terminated during site startup. Cancelling site startup., DetailsLevel: ERR
2026-04-22T18:20:23.5213432Z State: Stopping, Action: StoppingSiteNetworks, LastError: ImageNotFoundFailure, LastErrorTimestamp: 04/22/2026 18:20:22, LastErrorDetails: Failed to pull image: cwayaacr.azurecr.io/ai-photo-sharing:latest. Image pull failed because the image was not found. Check the registry to ensure the image is present or check for any misspellings., Details: Site container: cwaya-ai-share terminated during site startup. Cancelling site startup., DetailsLevel: ERR
2026-04-22T18:20:23.9363451Z State: Stopped, Action: None, LastError: ImageNotFoundFailure, LastErrorTimestamp: 04/22/2026 18:20:22, LastErrorDetails: Failed to pull image: cwayaacr.azurecr.io/ai-photo-sharing:latest. Image pull failed because the image was not found. Check the registry to ensure the image is present or check for any misspellings., Details: Site stopped at 04/22/2026 18:20:23 (UTC), DetailsLevel: ERR
2026-04-22T18:20:24.1621118Z State: Stopped, Action: None, LastError: ImageNotFoundFailure, LastErrorTimestamp: 04/22/2026 18:20:22, LastErrorDetails: Failed to pull image: cwayaacr.azurecr.io/ai-photo-sharing:latest. Image pull failed because the image was not found. Check the registry to ensure the image is present or check for any misspellings., Details: Site stopped at 04/22/2026 18:20:23 (UTC), DetailsLevel: ERR
2026-04-22T18:20:29.6143925Z State: Starting, Action: EstablishingSiteNetworks, LastError: ImageNotFoundFailure, LastErrorTimestamp: 04/22/2026 18:20:22, LastErrorDetails: Failed to pull image: cwayaacr.azurecr.io/ai-photo-sharing:latest. Image pull failed because the image was not found. Check the registry to ensure the image is present or check for any misspellings., Details: Site stopped at 04/22/2026 18:20:23 (UTC), DetailsLevel: ERR
2026-04-22T18:20:32.0400244Z State: Starting, Action: StartingMsiContainer, LastError: ImageNotFoundFailure, LastErrorTimestamp: 04/22/2026 18:20:22, LastErrorDetails: Failed to pull image: cwayaacr.azurecr.io/ai-photo-sharing:latest. Image pull failed because the image was not found. Check the registry to ensure the image is present or check for any misspellings., Details: Site stopped at 04/22/2026 18:20:23 (UTC), DetailsLevel: ERR
2026-04-22T18:20:42.1625908Z State: Starting, Action: StartingSiteContainers, LastError: ImageNotFoundFailure, LastErrorTimestamp: 04/22/2026 18:20:22, LastErrorDetails: Failed to pull image: cwayaacr.azurecr.io/ai-photo-sharing:latest. Image pull failed because the image was not found. Check the registry to ensure the image is present or check for any misspellings., Details: Site stopped at 04/22/2026 18:20:23 (UTC), DetailsLevel: ERR
2026-04-22T18:20:42.1626987Z Container start method called.
2026-04-22T18:20:42.1627497Z State: Starting, Action: PullingImage, LastError: ImageNotFoundFailure, LastErrorTimestamp: 04/22/2026 18:20:22, LastErrorDetails: Failed to pull image: cwayaacr.azurecr.io/ai-photo-sharing:latest. Image pull failed because the image was not found. Check the registry to ensure the image is present or check for any misspellings., Details: Pulling image cwayaacr.azurecr.io/ai-photo-sharing:latest for cwaya-ai-share., DetailsLevel: INFO
2026-04-22T18:20:42.1628254Z Establishing network.
2026-04-22T18:20:42.1813530Z Pulling image: cwayaacr.azurecr.io/ai-photo-sharing:latest.
2026-04-22T18:20:44.0322554Z Container pull image failed with reason: ImagePullFailure. Revert by terminate.
2026-04-22T18:20:44.0405971Z Container is terminating. Grace period: 5 seconds.
2026-04-22T18:20:44.0411546Z Container spec TerminationMessagePolicy  path 
2026-04-22T18:20:44.0417715Z Container is terminated. Total time elapsed: 0 ms.
2026-04-22T18:20:44.0491188Z Site container: cwaya-ai-share terminated during site startup.
2026-04-22T18:20:44.0500196Z State: Stopping, Action: CancellingStartup, LastError: ImageNotFoundFailure, LastErrorTimestamp: 04/22/2026 18:20:22, LastErrorDetails: Failed to pull image: cwayaacr.azurecr.io/ai-photo-sharing:latest. Image pull failed because the image was not found. Check the registry to ensure the image is present or check for any misspellings., Details: Site container: cwaya-ai-share terminated during site startup. Cancelling site startup., DetailsLevel: ERR
2026-04-22T18:20:44.0516674Z State: Stopping, Action: CancellingStartup, LastError: ImageNotFoundFailure, LastErrorTimestamp: 04/22/2026 18:20:44, LastErrorDetails: Failed to pull image: cwayaacr.azurecr.io/ai-photo-sharing:latest. Image pull failed because the image was not found. Check the registry to ensure the image is present or check for any misspellings., Details: Site container: cwaya-ai-share terminated during site startup. Cancelling site startup., DetailsLevel: ERR
2026-04-22T18:20:44.0716876Z Failed to start site. Revert by stopping site.
2026-04-22T18:20:44.0790614Z State: Stopping, Action: StoppingSite, LastError: ImageNotFoundFailure, LastErrorTimestamp: 04/22/2026 18:20:44, LastErrorDetails: Failed to pull image: cwayaacr.azurecr.io/ai-photo-sharing:latest. Image pull failed because the image was not found. Check the registry to ensure the image is present or check for any misspellings., Details: Site container: cwaya-ai-share terminated during site startup. Cancelling site startup., DetailsLevel: ERR
2026-04-22T18:20:44.0800616Z State: Stopping, Action: StoppingSiteContainers, LastError: ImageNotFoundFailure, LastErrorTimestamp: 04/22/2026 18:20:44, LastErrorDetails: Failed to pull image: cwayaacr.azurecr.io/ai-photo-sharing:latest. Image pull failed because the image was not found. Check the registry to ensure the image is present or check for any misspellings., Details: Site container: cwaya-ai-share terminated during site startup. Cancelling site startup., DetailsLevel: ERR
2026-04-22T18:20:44.0800860Z Site: cwaya-ai-share stopped.
2026-04-22T18:20:44.0892061Z State: Stopping, Action: UnmountingVolumes, LastError: ImageNotFoundFailure, LastErrorTimestamp: 04/22/2026 18:20:44, LastErrorDetails: Failed to pull image: cwayaacr.azurecr.io/ai-photo-sharing:latest. Image pull failed because the image was not found. Check the registry to ensure the image is present or check for any misspellings., Details: Site container: cwaya-ai-share terminated during site startup. Cancelling site startup., DetailsLevel: ERR
2026-04-22T18:20:45.1346726Z Site container: cwaya-ai-share_managedIdentity terminated during site startup.
2026-04-22T18:20:45.1347836Z State: Stopping, Action: UnmountingVolumes, LastError: ImageNotFoundFailure, LastErrorTimestamp: 04/22/2026 18:20:44, LastErrorDetails: Failed to pull image: cwayaacr.azurecr.io/ai-photo-sharing:latest. Image pull failed because the image was not found. Check the registry to ensure the image is present or check for any misspellings., Details: Site container: cwaya-ai-share terminated during site startup. Cancelling site startup., DetailsLevel: ERR
2026-04-22T18:20:45.2575954Z State: Stopping, Action: StoppingSiteNetworks, LastError: ImageNotFoundFailure, LastErrorTimestamp: 04/22/2026 18:20:44, LastErrorDetails: Failed to pull image: cwayaacr.azurecr.io/ai-photo-sharing:latest. Image pull failed because the image was not found. Check the registry to ensure the image is present or check for any misspellings., Details: Site container: cwaya-ai-share terminated during site startup. Cancelling site startup., DetailsLevel: ERR
2026-04-22T18:20:45.8124533Z Site: cwaya-ai-share will be blocked for 1 minutes till 04/22/2026 18:21:45
2026-04-22T18:20:45.8130705Z State: Blocked, Action: StoppingSiteNetworks, LastError: ImageNotFoundFailure, LastErrorTimestamp: 04/22/2026 18:20:44, LastErrorDetails: Failed to pull image: cwayaacr.azurecr.io/ai-photo-sharing:latest. Image pull failed because the image was not found. Check the registry to ensure the image is present or check for any misspellings., Details: Site: cwaya-ai-share will be blocked for 1 minutes till 04/22/2026 18:21:45, DetailsLevel: WARN
2026-04-22T18:20:45.8416740Z State: Stopped, Action: None, LastError: ImageNotFoundFailure, LastErrorTimestamp: 04/22/2026 18:20:44, LastErrorDetails: Failed to pull image: cwayaacr.azurecr.io/ai-photo-sharing:latest. Image pull failed because the image was not found. Check the registry to ensure the image is present or check for any misspellings., Details: Site stopped at 04/22/2026 18:20:45 (UTC), DetailsLevel: WARN
2026-04-22T18:20:46.0617575Z State: Stopped, Action: None, LastError: ImageNotFoundFailure, LastErrorTimestamp: 04/22/2026 18:20:44, LastErrorDetails: Failed to pull image: cwayaacr.azurecr.io/ai-photo-sharing:latest. Image pull failed because the image was not found. Check the registry to ensure the image is present or check for any misspellings., Details: Site stopped at 04/22/2026 18:20:45 (UTC), DetailsLevel: WARN
2026-04-22T18:20:51.1203985Z State: Blocked, Action: None, LastError: ImageNotFoundFailure, LastErrorTimestamp: 04/22/2026 18:20:44, LastErrorDetails: Failed to pull image: cwayaacr.azurecr.io/ai-photo-sharing:latest. Image pull failed because the image was not found. Check the registry to ensure the image is present or check for any misspellings., Details: Site is blocked due to multiple, consecutive cold start failures. Site scheduled to be unblocked at 04/22/2026 18:21:45, DetailsLevel: WARN
2026-04-22T18:20:51.1582717Z Start site prohibitted because the site is being blocked.
2026-04-22T18:20:56.3155383Z State: Blocked, Action: None, LastError: ImageNotFoundFailure, LastErrorTimestamp: 04/22/2026 18:20:44, LastErrorDetails: Failed to pull image: cwayaacr.azurecr.io/ai-photo-sharing:latest. Image pull failed because the image was not found. Check the registry to ensure the image is present or check for any misspellings., Details: Site is blocked due to multiple, consecutive cold start failures. Site scheduled to be unblocked at 04/22/2026 18:21:45, DetailsLevel: WARN
2026-04-22T18:20:56.3155669Z Start site prohibitted because the site is being blocked.
2026-04-22T18:21:01.5151473Z State: Blocked, Action: None, LastError: ImageNotFoundFailure, LastErrorTimestamp: 04/22/2026 18:20:44, LastErrorDetails: Failed to pull image: cwayaacr.azurecr.io/ai-photo-sharing:latest. Image pull failed because the image was not found. Check the registry to ensure the image is present or check for any misspellings., Details: Site is blocked due to multiple, consecutive cold start failures. Site scheduled to be unblocked at 04/22/2026 18:21:45, DetailsLevel: WARN
2026-04-22T18:21:01.5156657Z Start site prohibitted because the site is being blocked.
2026-04-22T18:21:06.9032645Z State: Blocked, Action: None, LastError: ImageNotFoundFailure, LastErrorTimestamp: 04/22/2026 18:20:44, LastErrorDetails: Failed to pull image: cwayaacr.azurecr.io/ai-photo-sharing:latest. Image pull failed because the image was not found. Check the registry to ensure the image is present or check for any misspellings., Details: Site is blocked due to multiple, consecutive cold start failures. Site scheduled to be unblocked at 04/22/2026 18:21:45, DetailsLevel: WARN
2026-04-22T18:21:06.9034561Z Start site prohibitted because the site is being blocked.
2026-04-22T18:21:12.1257942Z State: Blocked, Action: None, LastError: ImageNotFoundFailure, LastErrorTimestamp: 04/22/2026 18:20:44, LastErrorDetails: Failed to pull image: cwayaacr.azurecr.io/ai-photo-sharing:latest. Image pull failed because the image was not found. Check the registry to ensure the image is present or check for any misspellings., Details: Site is blocked due to multiple, consecutive cold start failures. Site scheduled to be unblocked at 04/22/2026 18:21:45, DetailsLevel: WARN
2026-04-22T18:21:12.1258331Z Start site prohibitted because the site is being blocked.
2026-04-22T18:21:17.4525777Z State: Blocked, Action: None, LastError: ImageNotFoundFailure, LastErrorTimestamp: 04/22/2026 18:20:44, LastErrorDetails: Failed to pull image: cwayaacr.azurecr.io/ai-photo-sharing:latest. Image pull failed because the image was not found. Check the registry to ensure the image is present or check for any misspellings., Details: Site is blocked due to multiple, consecutive cold start failures. Site scheduled to be unblocked at 04/22/2026 18:21:45, DetailsLevel: WARN
2026-04-22T18:21:17.4526152Z Start site prohibitted because the site is being blocked.
2026-04-22T18:21:22.7687629Z State: Blocked, Action: None, LastError: ImageNotFoundFailure, LastErrorTimestamp: 04/22/2026 18:20:44, LastErrorDetails: Failed to pull image: cwayaacr.azurecr.io/ai-photo-sharing:latest. Image pull failed because the image was not found. Check the registry to ensure the image is present or check for any misspellings., Details: Site is blocked due to multiple, consecutive cold start failures. Site scheduled to be unblocked at 04/22/2026 18:21:45, DetailsLevel: WARN
2026-04-22T18:21:22.7687892Z Start site prohibitted because the site is being blocked.
2026-04-22T18:21:27.9801806Z State: Blocked, Action: None, LastError: ImageNotFoundFailure, LastErrorTimestamp: 04/22/2026 18:20:44, LastErrorDetails: Failed to pull image: cwayaacr.azurecr.io/ai-photo-sharing:latest. Image pull failed because the image was not found. Check the registry to ensure the image is present or check for any misspellings., Details: Site is blocked due to multiple, consecutive cold start failures. Site scheduled to be unblocked at 04/22/2026 18:21:45, DetailsLevel: WARN
2026-04-22T18:21:27.9802109Z Start site prohibitted because the site is being blocked.
2026-04-22T18:21:33.1694715Z State: Blocked, Action: None, LastError: ImageNotFoundFailure, LastErrorTimestamp: 04/22/2026 18:20:44, LastErrorDetails: Failed to pull image: cwayaacr.azurecr.io/ai-photo-sharing:latest. Image pull failed because the image was not found. Check the registry to ensure the image is present or check for any misspellings., Details: Site is blocked due to multiple, consecutive cold start failures. Site scheduled to be unblocked at 04/22/2026 18:21:45, DetailsLevel: WARN
2026-04-22T18:21:33.1695033Z Start site prohibitted because the site is being blocked.
2026-04-22T18:21:38.3805489Z State: Blocked, Action: None, LastError: ImageNotFoundFailure, LastErrorTimestamp: 04/22/2026 18:20:44, LastErrorDetails: Failed to pull image: cwayaacr.azurecr.io/ai-photo-sharing:latest. Image pull failed because the image was not found. Check the registry to ensure the image is present or check for any misspellings., Details: Site is blocked due to multiple, consecutive cold start failures. Site scheduled to be unblocked at 04/22/2026 18:21:45, DetailsLevel: WARN
2026-04-22T18:21:38.3809803Z Start site prohibitted because the site is being blocked.
2026-04-22T18:21:43.6400473Z State: Blocked, Action: None, LastError: ImageNotFoundFailure, LastErrorTimestamp: 04/22/2026 18:20:44, LastErrorDetails: Failed to pull image: cwayaacr.azurecr.io/ai-photo-sharing:latest. Image pull failed because the image was not found. Check the registry to ensure the image is present or check for any misspellings., Details: Site is blocked due to multiple, consecutive cold start failures. Site scheduled to be unblocked at 04/22/2026 18:21:45, DetailsLevel: WARN
2026-04-22T18:21:43.6401090Z Start site prohibitted because the site is being blocked.
2026-04-22T18:21:45.8138679Z Site: cwaya-ai-share is unblocked.
2026-04-22T18:21:48.7996498Z State: Starting, Action: EstablishingSiteNetworks, LastError: ImageNotFoundFailure, LastErrorTimestamp: 04/22/2026 18:20:44, LastErrorDetails: Failed to pull image: cwayaacr.azurecr.io/ai-photo-sharing:latest. Image pull failed because the image was not found. Check the registry to ensure the image is present or check for any misspellings., Details: Site is blocked due to multiple, consecutive cold start failures. Site scheduled to be unblocked at 04/22/2026 18:21:45, DetailsLevel: WARN
2026-04-22T18:21:51.7617560Z State: Starting, Action: StartingMsiContainer, LastError: ImageNotFoundFailure, LastErrorTimestamp: 04/22/2026 18:20:44, LastErrorDetails: Failed to pull image: cwayaacr.azurecr.io/ai-photo-sharing:latest. Image pull failed because the image was not found. Check the registry to ensure the image is present or check for any misspellings., Details: Site is blocked due to multiple, consecutive cold start failures. Site scheduled to be unblocked at 04/22/2026 18:21:45, DetailsLevel: WARN
2026-04-22T18:22:01.6026657Z State: Starting, Action: StartingSiteContainers, LastError: ImageNotFoundFailure, LastErrorTimestamp: 04/22/2026 18:20:44, LastErrorDetails: Failed to pull image: cwayaacr.azurecr.io/ai-photo-sharing:latest. Image pull failed because the image was not found. Check the registry to ensure the image is present or check for any misspellings., Details: Site is blocked due to multiple, consecutive cold start failures. Site scheduled to be unblocked at 04/22/2026 18:21:45, DetailsLevel: WARN
2026-04-22T18:22:01.6032115Z Container start method called.
2026-04-22T18:22:01.6040501Z State: Starting, Action: PullingImage, LastError: ImageNotFoundFailure, LastErrorTimestamp: 04/22/2026 18:20:44, LastErrorDetails: Failed to pull image: cwayaacr.azurecr.io/ai-photo-sharing:latest. Image pull failed because the image was not found. Check the registry to ensure the image is present or check for any misspellings., Details: Pulling image cwayaacr.azurecr.io/ai-photo-sharing:latest for cwaya-ai-share., DetailsLevel: INFO
2026-04-22T18:22:01.6217091Z Establishing network.
2026-04-22T18:22:01.6221375Z Pulling image: cwayaacr.azurecr.io/ai-photo-sharing:latest.
2026-04-22T18:22:06.1600933Z Container pull image failed with reason: ImagePullFailure. Revert by terminate.
2026-04-22T18:22:06.1612784Z Container is terminating. Grace period: 5 seconds.
2026-04-22T18:22:06.1619471Z Container spec TerminationMessagePolicy  path 
2026-04-22T18:22:06.1622257Z Container is terminated. Total time elapsed: 0 ms.
2026-04-22T18:22:06.1623533Z Site container: cwaya-ai-share terminated during site startup.
2026-04-22T18:22:06.1628576Z State: Stopping, Action: CancellingStartup, LastError: ImageNotFoundFailure, LastErrorTimestamp: 04/22/2026 18:20:44, LastErrorDetails: Failed to pull image: cwayaacr.azurecr.io/ai-photo-sharing:latest. Image pull failed because the image was not found. Check the registry to ensure the image is present or check for any misspellings., Details: Site container: cwaya-ai-share terminated during site startup. Cancelling site startup., DetailsLevel: ERR
2026-04-22T18:22:06.1715646Z State: Stopping, Action: CancellingStartup, LastError: ImageNotFoundFailure, LastErrorTimestamp: 04/22/2026 18:22:06, LastErrorDetails: Failed to pull image: cwayaacr.azurecr.io/ai-photo-sharing:latest. Image pull failed because the image was not found. Check the registry to ensure the image is present or check for any misspellings., Details: Site container: cwaya-ai-share terminated during site startup. Cancelling site startup., DetailsLevel: ERR
2026-04-22T18:22:06.2001442Z Failed to start site. Revert by stopping site.
2026-04-22T18:22:06.2004088Z State: Stopping, Action: StoppingSite, LastError: ImageNotFoundFailure, LastErrorTimestamp: 04/22/2026 18:22:06, LastErrorDetails: Failed to pull image: cwayaacr.azurecr.io/ai-photo-sharing:latest. Image pull failed because the image was not found. Check the registry to ensure the image is present or check for any misspellings., Details: Site container: cwaya-ai-share terminated during site startup. Cancelling site startup., DetailsLevel: ERR
2026-04-22T18:22:06.2009959Z State: Stopping, Action: StoppingSiteContainers, LastError: ImageNotFoundFailure, LastErrorTimestamp: 04/22/2026 18:22:06, LastErrorDetails: Failed to pull image: cwayaacr.azurecr.io/ai-photo-sharing:latest. Image pull failed because the image was not found. Check the registry to ensure the image is present or check for any misspellings., Details: Site container: cwaya-ai-share terminated during site startup. Cancelling site startup., DetailsLevel: ERR
2026-04-22T18:22:06.2010317Z Site: cwaya-ai-share stopped.
2026-04-22T18:27:52.7463093Z State: Starting, Action: EstablishingSiteNetworks, LastError: ImageNotFoundFailure, LastErrorTimestamp: 04/22/2026 18:22:06, LastErrorDetails: Failed to pull image: cwayaacr.azurecr.io/ai-photo-sharing:latest. Image pull failed because the image was not found. Check the registry to ensure the image is present or check for any misspellings., Details: Site is blocked due to multiple, consecutive cold start failures. Site scheduled to be unblocked at 04/22/2026 18:23:08, DetailsLevel: WARN
2026-04-22T18:27:55.2413174Z State: Starting, Action: StartingMsiContainer, LastError: ImageNotFoundFailure, LastErrorTimestamp: 04/22/2026 18:22:06, LastErrorDetails: Failed to pull image: cwayaacr.azurecr.io/ai-photo-sharing:latest. Image pull failed because the image was not found. Check the registry to ensure the image is present or check for any misspellings., Details: Site is blocked due to multiple, consecutive cold start failures. Site scheduled to be unblocked at 04/22/2026 18:23:08, DetailsLevel: WARN
2026-04-22T18:28:07.9253988Z State: Starting, Action: StartingSiteContainers, LastError: ImageNotFoundFailure, LastErrorTimestamp: 04/22/2026 18:22:06, LastErrorDetails: Failed to pull image: cwayaacr.azurecr.io/ai-photo-sharing:latest. Image pull failed because the image was not found. Check the registry to ensure the image is present or check for any misspellings., Details: Site is blocked due to multiple, consecutive cold start failures. Site scheduled to be unblocked at 04/22/2026 18:23:08, DetailsLevel: WARN
2026-04-22T18:28:07.9257325Z Container start method called.
2026-04-22T18:28:07.9446192Z State: Starting, Action: PullingImage, LastError: ImageNotFoundFailure, LastErrorTimestamp: 04/22/2026 18:22:06, LastErrorDetails: Failed to pull image: cwayaacr.azurecr.io/ai-photo-sharing:latest. Image pull failed because the image was not found. Check the registry to ensure the image is present or check for any misspellings., Details: Pulling image cwayaacr.azurecr.io/ai-photo-sharing:latest for cwaya-ai-share., DetailsLevel: INFO
2026-04-22T18:28:07.9448702Z Establishing network.
2026-04-22T18:28:07.9450053Z Pulling image: cwayaacr.azurecr.io/ai-photo-sharing:latest.
2026-04-22T18:28:11.3302749Z Container pull image failed with reason: ImagePullFailure. Revert by terminate.
2026-04-22T18:28:11.3374220Z Container is terminating. Grace period: 5 seconds.
2026-04-22T18:28:11.3377801Z Container spec TerminationMessagePolicy  path 
2026-04-22T18:28:11.3387406Z Container is terminated. Total time elapsed: 0 ms.
2026-04-22T18:28:11.3395772Z Site container: cwaya-ai-share terminated during site startup.
2026-04-22T18:28:11.3472454Z State: Stopping, Action: CancellingStartup, LastError: ImageNotFoundFailure, LastErrorTimestamp: 04/22/2026 18:22:06, LastErrorDetails: Failed to pull image: cwayaacr.azurecr.io/ai-photo-sharing:latest. Image pull failed because the image was not found. Check the registry to ensure the image is present or check for any misspellings., Details: Site container: cwaya-ai-share terminated during site startup. Cancelling site startup., DetailsLevel: ERR
2026-04-22T18:28:11.3486341Z State: Stopping, Action: CancellingStartup, LastError: ImagePullUnauthorizedFailure, LastErrorTimestamp: 04/22/2026 18:28:11, LastErrorDetails: Failed to pull image: cwayaacr.azurecr.io/ai-photo-sharing:latest. Image pull failed with forbidden or unauthorized. Check registry credentials., Details: Site container: cwaya-ai-share terminated during site startup. Cancelling site startup., DetailsLevel: ERR
2026-04-22T18:28:11.3677995Z Failed to start site. Revert by stopping site.
2026-04-22T18:28:11.3684102Z State: Stopping, Action: StoppingSite, LastError: ImagePullUnauthorizedFailure, LastErrorTimestamp: 04/22/2026 18:28:11, LastErrorDetails: Failed to pull image: cwayaacr.azurecr.io/ai-photo-sharing:latest. Image pull failed with forbidden or unauthorized. Check registry credentials., Details: Site container: cwaya-ai-share terminated during site startup. Cancelling site startup., DetailsLevel: ERR
2026-04-22T18:28:11.3765272Z State: Stopping, Action: StoppingSiteContainers, LastError: ImagePullUnauthorizedFailure, LastErrorTimestamp: 04/22/2026 18:28:11, LastErrorDetails: Failed to pull image: cwayaacr.azurecr.io/ai-photo-sharing:latest. Image pull failed with forbidden or unauthorized. Check registry credentials., Details: Site container: cwaya-ai-share terminated during site startup. Cancelling site startup., DetailsLevel: ERR
2026-04-22T18:28:11.3765568Z Site: cwaya-ai-share stopped.
2026-04-22T18:28:11.3852413Z State: Stopping, Action: UnmountingVolumes, LastError: ImagePullUnauthorizedFailure, LastErrorTimestamp: 04/22/2026 18:28:11, LastErrorDetails: Failed to pull image: cwayaacr.azurecr.io/ai-photo-sharing:latest. Image pull failed with forbidden or unauthorized. Check registry credentials., Details: Site container: cwaya-ai-share terminated during site startup. Cancelling site startup., DetailsLevel: ERR
2026-04-22T18:28:12.3458836Z Site container: cwaya-ai-share_managedIdentity terminated during site startup.
2026-04-22T18:28:12.3464066Z State: Stopping, Action: UnmountingVolumes, LastError: ImagePullUnauthorizedFailure, LastErrorTimestamp: 04/22/2026 18:28:11, LastErrorDetails: Failed to pull image: cwayaacr.azurecr.io/ai-photo-sharing:latest. Image pull failed with forbidden or unauthorized. Check registry credentials., Details: Site container: cwaya-ai-share terminated during site startup. Cancelling site startup., DetailsLevel: ERR
2026-04-22T18:28:12.4768434Z State: Stopping, Action: StoppingSiteNetworks, LastError: ImagePullUnauthorizedFailure, LastErrorTimestamp: 04/22/2026 18:28:11, LastErrorDetails: Failed to pull image: cwayaacr.azurecr.io/ai-photo-sharing:latest. Image pull failed with forbidden or unauthorized. Check registry credentials., Details: Site container: cwaya-ai-share terminated during site startup. Cancelling site startup., DetailsLevel: ERR
2026-04-22T18:28:12.9280097Z State: Stopped, Action: None, LastError: ImagePullUnauthorizedFailure, LastErrorTimestamp: 04/22/2026 18:28:11, LastErrorDetails: Failed to pull image: cwayaacr.azurecr.io/ai-photo-sharing:latest. Image pull failed with forbidden or unauthorized. Check registry credentials., Details: Site stopped at 04/22/2026 18:28:12 (UTC), DetailsLevel: ERR
2026-04-22T18:28:13.1482473Z State: Stopped, Action: None, LastError: ImagePullUnauthorizedFailure, LastErrorTimestamp: 04/22/2026 18:28:11, LastErrorDetails: Failed to pull image: cwayaacr.azurecr.io/ai-photo-sharing:latest. Image pull failed with forbidden or unauthorized. Check registry credentials., Details: Site stopped at 04/22/2026 18:28:12 (UTC), DetailsLevel: ERR
2026-04-22T18:37:10.0876727Z State: Starting, Action: EstablishingSiteNetworks, LastError: ImagePullUnauthorizedFailure, LastErrorTimestamp: 04/22/2026 18:28:11, LastErrorDetails: Failed to pull image: cwayaacr.azurecr.io/ai-photo-sharing:latest. Image pull failed with forbidden or unauthorized. Check registry credentials., Details: Site stopped at 04/22/2026 18:28:12 (UTC), DetailsLevel: ERR
2026-04-22T18:37:14.8521378Z State: Starting, Action: StartingMsiContainer, LastError: ImagePullUnauthorizedFailure, LastErrorTimestamp: 04/22/2026 18:28:11, LastErrorDetails: Failed to pull image: cwayaacr.azurecr.io/ai-photo-sharing:latest. Image pull failed with forbidden or unauthorized. Check registry credentials., Details: Site stopped at 04/22/2026 18:28:12 (UTC), DetailsLevel: ERR
2026-04-22T18:37:36.4814959Z State: Starting, Action: StartingSiteContainers, LastError: ImagePullUnauthorizedFailure, LastErrorTimestamp: 04/22/2026 18:28:11, LastErrorDetails: Failed to pull image: cwayaacr.azurecr.io/ai-photo-sharing:latest. Image pull failed with forbidden or unauthorized. Check registry credentials., Details: Site stopped at 04/22/2026 18:28:12 (UTC), DetailsLevel: ERR
2026-04-22T18:37:36.4818193Z Container start method called.
2026-04-22T18:37:36.4822825Z State: Starting, Action: PullingImage, LastError: ImagePullUnauthorizedFailure, LastErrorTimestamp: 04/22/2026 18:28:11, LastErrorDetails: Failed to pull image: cwayaacr.azurecr.io/ai-photo-sharing:latest. Image pull failed with forbidden or unauthorized. Check registry credentials., Details: Pulling image cwayaacr.azurecr.io/ai-photo-sharing:latest for cwaya-ai-share., DetailsLevel: INFO
2026-04-22T18:37:36.4824751Z Establishing network.
2026-04-22T18:37:36.4826022Z Pulling image: cwayaacr.azurecr.io/ai-photo-sharing:latest.
2026-04-22T18:37:43.9750245Z Container pull image failed with reason: ImagePullFailure. Revert by terminate.
2026-04-22T18:37:43.9763372Z Container is terminating. Grace period: 5 seconds.
2026-04-22T18:37:43.9849899Z Container spec TerminationMessagePolicy  path 
2026-04-22T18:37:43.9858688Z Container is terminated. Total time elapsed: 1 ms.
2026-04-22T18:37:43.9940584Z Site container: cwaya-ai-share terminated during site startup.
2026-04-22T18:37:43.9953418Z State: Stopping, Action: CancellingStartup, LastError: ImagePullUnauthorizedFailure, LastErrorTimestamp: 04/22/2026 18:28:11, LastErrorDetails: Failed to pull image: cwayaacr.azurecr.io/ai-photo-sharing:latest. Image pull failed with forbidden or unauthorized. Check registry credentials., Details: Site container: cwaya-ai-share terminated during site startup. Cancelling site startup., DetailsLevel: ERR
2026-04-22T18:37:44.0136759Z State: Stopping, Action: CancellingStartup, LastError: ImagePullUnauthorizedFailure, LastErrorTimestamp: 04/22/2026 18:37:44, LastErrorDetails: Failed to pull image: cwayaacr.azurecr.io/ai-photo-sharing:latest. Image pull failed with forbidden or unauthorized. Check registry credentials., Details: Site container: cwaya-ai-share terminated during site startup. Cancelling site startup., DetailsLevel: ERR
2026-04-22T18:37:44.0332245Z Failed to start site. Revert by stopping site.
2026-04-22T18:37:44.0349803Z State: Stopping, Action: StoppingSite, LastError: ImagePullUnauthorizedFailure, LastErrorTimestamp: 04/22/2026 18:37:44, LastErrorDetails: Failed to pull image: cwayaacr.azurecr.io/ai-photo-sharing:latest. Image pull failed with forbidden or unauthorized. Check registry credentials., Details: Site container: cwaya-ai-share terminated during site startup. Cancelling site startup., DetailsLevel: ERR
2026-04-22T18:37:44.0365610Z State: Stopping, Action: StoppingSiteContainers, LastError: ImagePullUnauthorizedFailure, LastErrorTimestamp: 04/22/2026 18:37:44, LastErrorDetails: Failed to pull image: cwayaacr.azurecr.io/ai-photo-sharing:latest. Image pull failed with forbidden or unauthorized. Check registry credentials., Details: Site container: cwaya-ai-share terminated during site startup. Cancelling site startup., DetailsLevel: ERR
2026-04-22T18:37:44.0437031Z Site: cwaya-ai-share stopped.
