2026-04-18T17:15:21.9245380Z,Updating submodules.,711a8214-943e-4d40-a476-a0d6e1cd2665,0
2026-04-18T17:15:23.1664499Z,Preparing deployment for commit id '20fa9a0c-f'.,20dfd95b-4f4f-4aaa-ad2f-faa6446dbd75,0
2026-04-18T17:15:23.5255596Z,PreDeployment: context.CleanOutputPath False,cf65fd11-5de9-4315-bf61-17f8d49c1724,0
2026-04-18T17:15:23.6701300Z,PreDeployment: context.OutputPath /home/site/wwwroot,77472e0d-f6e6-41c0-83a9-1dcae1cc48d1,0
2026-04-18T17:15:23.8419665Z,Repository path is /tmp/zipdeploy/extracted,9f7c7c10-97e3-4d7a-b51e-581913dc5b42,0
2026-04-18T17:15:24.2625458Z,Running oryx build...,7137778a-bac1-4d81-a500-085e94c8bedc,0
	2026-04-18T17:15:24.3053020Z,Command: oryx build /tmp/zipdeploy/extracted -o /home/site/wwwroot --platform python --platform-version 3.11 -p virtualenv_name=antenv --log-file /tmp/build-debug.log  -i /tmp/8de9d6e13926dae --compress-destination-dir | tee /tmp/oryx-build.log,,0
	2026-04-18T17:15:28.7711238Z,Operation performed by Microsoft Oryx&comma; https://github.com/Microsoft/Oryx,,0
	2026-04-18T17:15:28.8615012Z,You can report issues at https://github.com/Microsoft/Oryx/issues,,0
	2026-04-18T17:15:28.9910229Z,,,0
	2026-04-18T17:15:29.0612758Z,Oryx Version: 0.2.20260204.1+0fdbe200b286be083841ff7fa201c6c2316dc6b9&comma; Commit: 0fdbe200b286be083841ff7fa201c6c2316dc6b9&comma; ReleaseTagName: 20260204.1,,0
	2026-04-18T17:15:29.1023465Z,,,0
	2026-04-18T17:15:29.1519611Z,Build Operation ID: 112b905021a6789f,,0
	2026-04-18T17:15:29.2349885Z,Repository Commit : 20fa9a0c-fc8c-4633-ae66-e1cc48ffd09e,,0
	2026-04-18T17:15:29.2949597Z,OS Type           : bullseye,,0
	2026-04-18T17:15:29.3858716Z,Image Type        : githubactions,,0
	2026-04-18T17:15:29.4646488Z,,,0
	2026-04-18T17:15:29.5038525Z,Primary SDK Storage URL: https://oryx-cdn.microsoft.io,,0
	2026-04-18T17:15:29.5336531Z,Backup SDK Storage URL: ,,0
	2026-04-18T17:15:29.5669776Z,Detecting platforms...,,0
	2026-04-18T17:15:29.6370428Z,External SDK provider is enabled.,,0
	2026-04-18T17:15:29.6870257Z,Requesting metadata for platform python from external SDK provider,,0
	2026-04-18T17:15:32.3196757Z,Requesting metadata for platform python from external SDK provider,,0
	2026-04-18T17:15:33.2606315Z,Successfully requested blob for platform python&comma; blobName defaultVersion.bullseye.txt&comma; available at /var/OryxSdks/python/defaultVersion.bullseye.txt,,0
	2026-04-18T17:15:33.4629334Z,Detected following platforms:,,0
	2026-04-18T17:15:33.5396798Z,  python: 3.11.15,,0
	2026-04-18T17:15:33.5511148Z,Requesting metadata for platform python from external SDK provider,,0
	2026-04-18T17:15:42.3920776Z,Successfully requested blob for platform python&comma; blobName python-bullseye-3.11.15.tar.gz&comma; available at /var/OryxSdks/python/python-bullseye-3.11.15.tar.gz,,0
	2026-04-18T17:15:44.1191802Z,Version '3.11.15' of platform 'python' is not installed. Generating script to install it...,,0
	2026-04-18T17:15:44.7020143Z,,,0
	2026-04-18T17:15:45.5991967Z,Using intermediate directory '/tmp/8de9d6e13926dae'.,,0
	2026-04-18T17:15:45.7005404Z,,,0
	2026-04-18T17:15:45.7571915Z,Copying files to the intermediate directory...,,0
	2026-04-18T17:15:45.7952309Z,Copying files to intermediate directory done in 1 sec(s).,,0
	2026-04-18T17:15:45.8345224Z,,,0
	2026-04-18T17:15:45.8864040Z,Source directory     : /tmp/8de9d6e13926dae,,0
	2026-04-18T17:15:45.9265891Z,Destination directory: /home/site/wwwroot,,0
	2026-04-18T17:15:45.9570226Z,,,0
	2026-04-18T17:15:46.0074946Z,Installing platform...,,0
	2026-04-18T17:15:46.0862869Z,,,0
	2026-04-18T17:15:46.1257054Z,Downloading and extracting 'python' version '3.11.15' to '/tmp/oryx/platforms/python/3.11.15'...,,0
	2026-04-18T17:15:46.1575912Z,Detected image debian flavor: bullseye.,,0
	2026-04-18T17:15:46.2180681Z,Skipping download of python version 3.11.15 as it is available in external sdk provider cache...,,0
	2026-04-18T17:15:46.2495040Z,Extracting contents...,,0
	2026-04-18T17:16:10.6266032Z,Successfully extracted python version 3.11.15 from external sdk provider cache...,,0
	2026-04-18T17:16:10.8103030Z,,,0
	2026-04-18T17:16:10.8502185Z,image detector file exists&comma; platform is python..,,0
	2026-04-18T17:16:10.9695371Z,OS detector file exists&comma; OS is bullseye..,,0
	2026-04-18T17:16:11.2628642Z,Platform installation done in 25 sec(s).,,0
	2026-04-18T17:16:11.3503013Z,Running build script snippets...,,0
	2026-04-18T17:16:11.4327916Z,Python Version: /tmp/oryx/platforms/python/3.11.15/bin/python3.11,,0
	2026-04-18T17:16:11.5539642Z,Creating directory for command manifest file if it does not exist,,0
	2026-04-18T17:16:11.6750764Z,Removing existing manifest file,,0
	2026-04-18T17:16:11.7759413Z,Python Virtual Environment: antenv,,0
	2026-04-18T17:16:11.8158048Z,Creating virtual environment...,,0
	2026-04-18T17:16:11.9031030Z,Executing: /tmp/oryx/platforms/python/3.11.15/bin/python3.11 -m venv antenv --copies --system-site-packages,,0
	2026-04-18T17:16:32.7852176Z,Activating virtual environment...,,0
	2026-04-18T17:16:32.8672209Z,Fast build is enabled,,0
	2026-04-18T17:16:32.9690354Z,Installing uv...,,0
	2026-04-18T17:16:36.5826111Z,Collecting uv,,0
	2026-04-18T17:16:36.7529979Z,  Downloading uv-0.11.7-py3-none-manylinux_2_17_x86_64.manylinux2014_x86_64.whl.metadata (11 kB),,0
	2026-04-18T17:16:36.9511116Z,Downloading uv-0.11.7-py3-none-manylinux_2_17_x86_64.manylinux2014_x86_64.whl (24.9 MB),,0
	2026-04-18T17:16:38.7161878Z,   ━━━━━━━━━━━━━━━━━━━━━━━━━━━━━━━━━━━━━━━━ 24.9/24.9 MB 8.1 MB/s eta 0:00:00,,0
	2026-04-18T17:16:39.2887910Z,Installing collected packages: uv,,0
	2026-04-18T17:16:41.0736347Z,Successfully installed uv-0.11.7,,0
	2026-04-18T17:16:41.6027540Z,,,1
	2026-04-18T17:16:41.6649603Z,[notice] A new release of pip is available: 24.0 -> 26.0.1,,1
	2026-04-18T17:16:41.7248924Z,[notice] To update&comma; run: pip install --upgrade pip,,1
	2026-04-18T17:16:43.1199380Z,Running uv pip install...,,0
	2026-04-18T17:18:21.3529922Z,Using Python 3.11.15 environment at: antenv,,0
	2026-04-18T17:18:21.4541737Z,Resolved 26 packages in 1.08s,,0
	2026-04-18T17:18:21.4830452Z,Downloading numpy (17.4MiB),,0
	2026-04-18T17:18:21.5187787Z,Downloading psycopg2-binary (2.9MiB),,0
	2026-04-18T17:18:21.5542380Z,Downloading onnxruntime (16.4MiB),,0
	2026-04-18T17:18:21.5831032Z,Downloading scipy (33.7MiB),,0
	2026-04-18T17:18:21.6237926Z,Downloading sympy (6.0MiB),,0
	2026-04-18T17:18:21.6727879Z,Downloading pillow (4.3MiB),,0
	2026-04-18T17:18:21.7236231Z,Downloading opencv-python-headless (46.8MiB),,0
	2026-04-18T17:18:21.8234782Z, Downloaded psycopg2-binary,,0
	2026-04-18T17:18:21.9150060Z, Downloaded pillow,,0
	2026-04-18T17:18:21.9836467Z, Downloaded numpy,,0
	2026-04-18T17:18:22.0246384Z, Downloaded onnxruntime,,0
	2026-04-18T17:18:22.0954237Z, Downloaded sympy,,0
	2026-04-18T17:18:22.1575855Z, Downloaded opencv-python-headless,,0
	2026-04-18T17:18:22.2075398Z, Downloaded scipy,,0
	2026-04-18T17:18:22.2481458Z,Prepared 26 packages in 11.73s,,0
	2026-04-18T17:18:22.2981333Z,Installed 26 packages in 513ms,,0
	2026-04-18T17:18:22.3866226Z,Bytecode compiled 4677 files in 1m 24s,,0
	2026-04-18T17:18:22.4875506Z, + blinker==1.9.0,,0
	2026-04-18T17:18:22.5666778Z, + certifi==2026.2.25,,0
	2026-04-18T17:18:22.6488728Z, + charset-normalizer==3.4.7,,0
	2026-04-18T17:18:22.7084946Z, + click==8.3.2,,0
	2026-04-18T17:18:22.7394977Z, + flask==2.3.3,,0
	2026-04-18T17:18:22.7794414Z, + flask-cors==4.0.0,,0
	2026-04-18T17:18:22.8403376Z, + flatbuffers==25.12.19,,0
	2026-04-18T17:18:22.9572783Z, + idna==3.11,,0
	2026-04-18T17:18:23.0171176Z, + itsdangerous==2.2.0,,0
	2026-04-18T17:18:23.0562758Z, + jinja2==3.1.6,,0
	2026-04-18T17:18:23.1075880Z, + markupsafe==3.0.3,,0
	2026-04-18T17:18:23.1675182Z, + mpmath==1.3.0,,0
	2026-04-18T17:18:23.2262913Z, + numpy==1.26.4,,0
	2026-04-18T17:18:23.2969456Z, + onnxruntime==1.24.4,,0
	2026-04-18T17:18:23.3497353Z, + opencv-python-headless==4.8.0.74,,0
	2026-04-18T17:18:23.4289391Z, + packaging==26.1,,0
	2026-04-18T17:18:23.5706856Z, + pillow==10.4.0,,0
	2026-04-18T17:18:23.6196216Z, + protobuf==7.34.1,,0
	2026-04-18T17:18:23.7212794Z, + psycopg2-binary==2.9.9,,0
	2026-04-18T17:18:23.7814402Z, + python-dotenv==1.0.0,,0
	2026-04-18T17:18:23.8208474Z, + requests==2.31.0,,0
	2026-04-18T17:18:23.8800876Z, + scipy==1.17.1,,0
	2026-04-18T17:18:23.9120935Z, + sympy==1.14.0,,0
	2026-04-18T17:18:23.9726996Z, + urllib3==2.6.3,,0
	2026-04-18T17:18:24.0305992Z, + waitress==2.1.2,,0
	2026-04-18T17:18:24.0730824Z, + werkzeug==3.1.8,,0
	2026-04-18T17:18:24.1738575Z,warning: `opencv-python-headless==4.8.0.74` is yanked (reason: "deprecated&comma; use 4.8.0.76"),,0
	2026-04-18T17:18:24.2942306Z,uv pip install done in 109 sec(s).,,0
	2026-04-18T17:18:24.3338048Z,Not a vso image&comma; so not writing build commands,,0
	2026-04-18T17:18:24.3730647Z,Build script snippets done in 130 sec(s).,,0
	2026-04-18T17:18:24.4227335Z,Preparing output...,,0
	2026-04-18T17:18:24.4841978Z,Compressing source directory directly to destination (optimized path)...,,0
	2026-04-18T17:18:24.5547288Z,Using zstd for compression,,0
	2026-04-18T17:18:58.9007679Z,Copied the compressed output to '/home/site/wwwroot',,0
	2026-04-18T17:18:58.9693016Z,Direct compression with zstd done in 37 sec(s).,,0
	2026-04-18T17:18:59.0197879Z,,,0
	2026-04-18T17:18:59.0367719Z,Removing existing manifest file,,0
	2026-04-18T17:18:59.0904693Z,Creating a manifest file...,,0
	2026-04-18T17:18:59.1413172Z,Manifest file created.,,0
	2026-04-18T17:18:59.1704539Z,Copying .ostype to manifest output directory.,,0
	2026-04-18T17:18:59.1980985Z,,,0
	2026-04-18T17:18:59.2280596Z,Total execution done in 195 sec(s).,,0
2026-04-18T17:19:00.5064431Z,Running post deployment command(s)...,c3b957ac-0d8a-416b-b0c6-af75726eefad,0
2026-04-18T17:19:00.6635175Z,,d96dafe1-9283-4448-b592-e61524d5a422,0
2026-04-18T17:19:00.8106356Z,Generating summary of Oryx build,e2553a8e-8a64-49df-856b-98c8ae3e2382,0
2026-04-18T17:19:00.9900132Z,Parsing the build logs,6851d3f9-79d5-4372-870d-f9513c83c9ea,0
2026-04-18T17:19:01.1337391Z,Found 0 issue(s),e2a61c64-40ba-4df3-905a-4f265b6d51a9,0
2026-04-18T17:19:01.2739753Z,,a711db12-6b86-414e-b0c4-c6b86029af00,0
2026-04-18T17:19:01.4495142Z,Build Summary :,07115841-542d-4357-89c9-2fd3c69aaf5c,0
2026-04-18T17:19:01.8123293Z,===============,923d4e4c-309f-46fc-b5b3-8d3b57b7ebd4,0
2026-04-18T17:19:02.0721457Z,Errors (0),49bdd28c-2cc6-46ad-85e4-750c9943c8e1,0
2026-04-18T17:19:02.2373043Z,Warnings (0),7412edb7-c323-40bd-b1c5-103959d273bf,0
2026-04-18T17:19:02.4144554Z,,5649dae3-9da4-4d24-a291-f59411e3328b,0
2026-04-18T17:19:02.7539441Z,Triggering container recycle for OneDeploy by adding/updating restartTrigger.txt to the site root path,7d716814-6c3e-4ea8-8bd8-697ee722376f,0
2026-04-18T17:19:03.0384336Z,Deployment successful. deployer = OneDeploy deploymentPath = OneDeploy,02e82986-3281-4276-a50d-7c6dc1b3b7d6,0
